2026-04-11 19:50:42,830   INFO  Profile suite — output dir: /__modal/volumes/vo-IonADsHkUVjfGkodF5a2qa/modal_v2/research_matrix/M0_FP32/profile
2026-04-11 19:50:42,831   INFO  Loading KITTI dataset
2026-04-11 19:50:43,041   INFO  Total samples for KITTI dataset: 7481
/usr/local/lib/python3.11/site-packages/torch/functional.py:504: UserWarning: torch.meshgrid: in an upcoming release, it will be required to pass the indexing argument. (Triggered internally at ../aten/src/ATen/native/TensorShape.cpp:3526.)
  return _VF.meshgrid(tensors, **kwargs)  # type: ignore[attr-defined]
2026-04-11 19:50:43,557   INFO  ==> Loading parameters from checkpoint /opt/OpenPCDet/tools/ckpt/pointpillar_7728.pth to GPU
2026-04-11 19:50:43,579   INFO  ==> Done (loaded 127/127)
2026-04-11 19:50:43,586   INFO  Running 500 warmup steps...
/opt/OpenPCDet/tools/../pcdet/ops/iou3d_nms/iou3d_nms_utils.py:66: UserWarning: The torch.cuda.*DtypeTensor constructors are no longer recommended. It's best to use methods such as torch.tensor(data, dtype=*, device='cuda') to create tensors. (Triggered internally at ../torch/csrc/tensor/python_tensor.cpp:83.)
  overlaps_bev = torch.cuda.FloatTensor(torch.Size((boxes_a.shape[0], boxes_b.shape[0]))).zero_()  # (N, M)
2026-04-11 19:51:06,298   INFO  Measurement burn-in: 100 steps (before profiler loop)
2026-04-11 19:51:10,493   INFO  Profiling 200 steps (KITTI RT CPU stages)...
2026-04-11 19:51:19,187   INFO  Chrome trace skipped (MLS_PROFILE_NO_TORCH_PROFILER=1; avoids CUPTI conflict with nsys)
2026-04-11 19:51:19,193   INFO  Nsight: run e.g. nsys profile -o trace python profile_suite.py ... --nsight (same args)
2026-04-11 19:51:19,196   INFO  ======================================================================
2026-04-11 19:51:19,196   INFO    PointPillars Profile Suite — 2026-04-11 19:51:19
2026-04-11 19:51:19,197   INFO  ======================================================================
2026-04-11 19:51:19,197   INFO    Config  : /opt/OpenPCDet/tools/cfgs/kitti_models/pointpillar.yaml
2026-04-11 19:51:19,197   INFO    Ckpt    : /opt/OpenPCDet/tools/ckpt/pointpillar_7728.pth
2026-04-11 19:51:19,197   INFO    Compile : False
2026-04-11 19:51:19,198   INFO    AMP (fp16): False
2026-04-11 19:51:19,198   INFO    Memory opt scatter (HWC write): False
2026-04-11 19:51:19,198   INFO    Memory opt conv2d (channels_last): False
2026-04-11 19:51:19,198   INFO    Preprocess GPU (voxelize on GPU): False
2026-04-11 19:51:19,198   INFO    Compile voxelizer: False
2026-04-11 19:51:19,198   INFO    INT8    : False  (CPU dynamic Linear PTQ if true)
2026-04-11 19:51:19,199   INFO    Traced  : none
2026-04-11 19:51:19,199   INFO    Nsight NVTX: True
2026-04-11 19:51:19,199   INFO    Warmup  : 500 steps   Measured: 200 steps   Batch: 1   Meas. burn-in: 100
2026-04-11 19:51:19,199   INFO  
2026-04-11 19:51:19,199   INFO  ── Per-stage latency (mean / p50 / p95 / p99 / std) [ms] ─────────────
2026-04-11 19:51:19,199   INFO  Stage                   mean         p50         p95         p99         std
2026-04-11 19:51:19,199   INFO  ----------------------------------------------------------------------------
2026-04-11 19:51:19,200   INFO  read_points (excl.T_rt)        7.55        7.41        8.38        8.67        1.68
2026-04-11 19:51:19,200   INFO  pre_processing         16.67       16.70       22.08       23.63        3.53
2026-04-11 19:51:19,200   INFO  data_to_gpu             0.65        0.65        0.89        0.95        0.11
2026-04-11 19:51:19,200   INFO  Forward (GPU)          17.81       17.80       18.82       19.20        0.55
2026-04-11 19:51:19,200   INFO  PostProcess             0.46        0.46        0.55        0.59        0.04
2026-04-11 19:51:19,200   INFO  ── Onboard frame ──       19.07       19.05       20.41       20.95        0.69
2026-04-11 19:51:19,200   INFO  ── T_rt (onboard) ──       35.59       35.58       41.87       44.23        4.03
2026-04-11 19:51:19,200   INFO  
2026-04-11 19:51:19,201   INFO  ── Throughput & Memory ─────────────────────────────────────────
2026-04-11 19:51:19,201   INFO    Throughput         : 28.1 samples/s  (batch=1, mean T_rt=35.59 ms)
2026-04-11 19:51:19,201   INFO    Peak GPU Memory    : 292.4 MB  (NMS/recall on GPU; backbone mostly CPU when INT8)
2026-04-11 19:51:19,201   INFO    Peak GPU Mem (steady): 292.4 MB  (no forward spike filter)
2026-04-11 19:51:19,201   INFO    Mean peak per step : 292.3 MB
2026-04-11 19:51:19,201   INFO    CUDA kernel events : 0
2026-04-11 19:51:19,201   INFO    T_rt mean (onboard, excl. read_points): 35.59 ms
2026-04-11 19:51:19,202   INFO  
2026-04-11 19:51:19,202   INFO  ── Outputs ──────────────────────────────────────────────────────
2026-04-11 19:51:19,202   INFO    Chrome trace       : /__modal/volumes/vo-IonADsHkUVjfGkodF5a2qa/modal_v2/research_matrix/M0_FP32/profile/torch_profile_trace.json
2026-04-11 19:51:19,202   INFO    Summary            : /__modal/volumes/vo-IonADsHkUVjfGkodF5a2qa/modal_v2/research_matrix/M0_FP32/profile/profile_summary.txt
2026-04-11 19:51:19,202   INFO  ======================================================================
2026-04-11 19:51:19,203   INFO  Forward module stage timing saved → /__modal/volumes/vo-IonADsHkUVjfGkodF5a2qa/modal_v2/research_matrix/M0_FP32/profile/forward_module_stage_ms.json
FATAL ERROR: /dvs/p4/build/sw/devtools/Agora/Rel/QuadD_CTK/QuadD/Common/GpuTraits/Src/GpuTicksConverter.cpp(376): Throw in function QuadDCommon::TimestampType GpuTraits::GpuTicksConverter::ConvertToCpuTime(const QuadDCommon::Uuid&, uint64_t&) const
Dynamic exception type: boost::wrapexcept<QuadDCommon::NotFoundException>
std::exception::what: NotFoundException
[QuadDCommon::tag_message*] = No GPU associated to the given UUID

Generating '/tmp/nsys-report-aa4b.qdstrm'
