2026-04-11 20:24:51,021   INFO  Profile suite — output dir: /__modal/volumes/vo-IonADsHkUVjfGkodF5a2qa/modal_v2/research_matrix/M2_FP32_mem_both/profile
2026-04-11 20:24:51,022   INFO  Loading KITTI dataset
2026-04-11 20:24:51,220   INFO  Total samples for KITTI dataset: 7481
/usr/local/lib/python3.11/site-packages/torch/functional.py:504: UserWarning: torch.meshgrid: in an upcoming release, it will be required to pass the indexing argument. (Triggered internally at ../aten/src/ATen/native/TensorShape.cpp:3526.)
  return _VF.meshgrid(tensors, **kwargs)  # type: ignore[attr-defined]
2026-04-11 20:24:51,685   INFO  ==> Loading parameters from checkpoint /opt/OpenPCDet/tools/ckpt/pointpillar_7728.pth to GPU
2026-04-11 20:24:51,707   INFO  ==> Done (loaded 127/127)
2026-04-11 20:24:51,715   INFO  memory_opt_conv2d: model.to(memory_format=torch.channels_last)
2026-04-11 20:24:51,717   INFO  Running 500 warmup steps...
/opt/OpenPCDet/tools/../pcdet/ops/iou3d_nms/iou3d_nms_utils.py:66: UserWarning: The torch.cuda.*DtypeTensor constructors are no longer recommended. It's best to use methods such as torch.tensor(data, dtype=*, device='cuda') to create tensors. (Triggered internally at ../torch/csrc/tensor/python_tensor.cpp:83.)
  overlaps_bev = torch.cuda.FloatTensor(torch.Size((boxes_a.shape[0], boxes_b.shape[0]))).zero_()  # (N, M)
2026-04-11 20:25:14,356   INFO  Measurement burn-in: 100 steps (before profiler loop)
2026-04-11 20:25:18,744   INFO  Profiling 200 steps (KITTI RT CPU stages)...
2026-04-11 20:25:27,767   INFO  Chrome trace skipped (MLS_PROFILE_NO_TORCH_PROFILER=1; avoids CUPTI conflict with nsys)
2026-04-11 20:25:27,770   INFO  Nsight: run e.g. nsys profile -o trace python profile_suite.py ... --nsight (same args)
2026-04-11 20:25:27,773   INFO  ======================================================================
2026-04-11 20:25:27,773   INFO    PointPillars Profile Suite — 2026-04-11 20:25:27
2026-04-11 20:25:27,773   INFO  ======================================================================
2026-04-11 20:25:27,773   INFO    Config  : /opt/OpenPCDet/tools/cfgs/kitti_models/pointpillar.yaml
2026-04-11 20:25:27,774   INFO    Ckpt    : /opt/OpenPCDet/tools/ckpt/pointpillar_7728.pth
2026-04-11 20:25:27,774   INFO    Compile : False
2026-04-11 20:25:27,774   INFO    AMP (fp16): False
2026-04-11 20:25:27,774   INFO    Memory opt scatter (HWC write): True
2026-04-11 20:25:27,774   INFO    Memory opt conv2d (channels_last): True
2026-04-11 20:25:27,775   INFO    Preprocess GPU (voxelize on GPU): False
2026-04-11 20:25:27,775   INFO    Compile voxelizer: False
2026-04-11 20:25:27,775   INFO    INT8    : False  (CPU dynamic Linear PTQ if true)
2026-04-11 20:25:27,775   INFO    Traced  : none
2026-04-11 20:25:27,775   INFO    Nsight NVTX: True
2026-04-11 20:25:27,775   INFO    Warmup  : 500 steps   Measured: 200 steps   Batch: 1   Meas. burn-in: 100
2026-04-11 20:25:27,776   INFO  
2026-04-11 20:25:27,776   INFO  ── Per-stage latency (mean / p50 / p95 / p99 / std) [ms] ─────────────
2026-04-11 20:25:27,776   INFO  Stage                   mean         p50         p95         p99         std
2026-04-11 20:25:27,776   INFO  ----------------------------------------------------------------------------
2026-04-11 20:25:27,776   INFO  read_points (excl.T_rt)        7.10        7.02        7.75        8.52        0.81
2026-04-11 20:25:27,776   INFO  pre_processing         16.53       16.46       22.32       23.49        3.52
2026-04-11 20:25:27,777   INFO  data_to_gpu             0.67        0.67        0.82        0.86        0.10
2026-04-11 20:25:27,777   INFO  Forward (GPU)          19.99       20.00       20.67       21.21        0.43
2026-04-11 20:25:27,777   INFO  PostProcess             0.49        0.49        0.54        0.63        0.04
2026-04-11 20:25:27,777   INFO  ── Onboard frame ──       21.31       21.35       22.16       22.64        0.55
2026-04-11 20:25:27,777   INFO  ── T_rt (onboard) ──       37.68       37.74       44.24       45.34        3.97
2026-04-11 20:25:27,777   INFO  
2026-04-11 20:25:27,778   INFO  ── Throughput & Memory ─────────────────────────────────────────
2026-04-11 20:25:27,778   INFO    Throughput         : 26.5 samples/s  (batch=1, mean T_rt=37.68 ms)
2026-04-11 20:25:27,778   INFO    Peak GPU Memory    : 293.3 MB  (NMS/recall on GPU; backbone mostly CPU when INT8)
2026-04-11 20:25:27,778   INFO    Peak GPU Mem (steady): 293.3 MB  (no forward spike filter)
2026-04-11 20:25:27,778   INFO    Mean peak per step : 293.3 MB
2026-04-11 20:25:27,778   INFO    CUDA kernel events : 0
2026-04-11 20:25:27,778   INFO    T_rt mean (onboard, excl. read_points): 37.68 ms
2026-04-11 20:25:27,779   INFO  
2026-04-11 20:25:27,779   INFO  ── Outputs ──────────────────────────────────────────────────────
2026-04-11 20:25:27,779   INFO    Chrome trace       : /__modal/volumes/vo-IonADsHkUVjfGkodF5a2qa/modal_v2/research_matrix/M2_FP32_mem_both/profile/torch_profile_trace.json
2026-04-11 20:25:27,779   INFO    Summary            : /__modal/volumes/vo-IonADsHkUVjfGkodF5a2qa/modal_v2/research_matrix/M2_FP32_mem_both/profile/profile_summary.txt
2026-04-11 20:25:27,779   INFO  ======================================================================
2026-04-11 20:25:27,780   INFO  Forward module stage timing saved → /__modal/volumes/vo-IonADsHkUVjfGkodF5a2qa/modal_v2/research_matrix/M2_FP32_mem_both/profile/forward_module_stage_ms.json
FATAL ERROR: /dvs/p4/build/sw/devtools/Agora/Rel/QuadD_CTK/QuadD/Common/GpuTraits/Src/GpuTicksConverter.cpp(376): Throw in function QuadDCommon::TimestampType GpuTraits::GpuTicksConverter::ConvertToCpuTime(const QuadDCommon::Uuid&, uint64_t&) const
Dynamic exception type: boost::wrapexcept<QuadDCommon::NotFoundException>
std::exception::what: NotFoundException
[QuadDCommon::tag_message*] = No GPU associated to the given UUID

Generating '/tmp/nsys-report-9c83.qdstrm'
