2026-04-11 20:48:01,185   INFO  Profile suite — output dir: /__modal/volumes/vo-IonADsHkUVjfGkodF5a2qa/modal_v2/research_matrix/M3_AMP/profile
2026-04-11 20:48:01,185   INFO  Loading KITTI dataset
2026-04-11 20:48:01,378   INFO  Total samples for KITTI dataset: 7481
2026-04-11 20:48:01,378   INFO  Using GPU voxelization profiling path (inference.py-aligned); see --preprocess_gpu
/usr/local/lib/python3.11/site-packages/torch/functional.py:504: UserWarning: torch.meshgrid: in an upcoming release, it will be required to pass the indexing argument. (Triggered internally at ../aten/src/ATen/native/TensorShape.cpp:3526.)
  return _VF.meshgrid(tensors, **kwargs)  # type: ignore[attr-defined]
2026-04-11 20:48:01,837   INFO  ==> Loading parameters from checkpoint /opt/OpenPCDet/tools/ckpt/pointpillar_7728.pth to GPU
2026-04-11 20:48:01,859   INFO  ==> Done (loaded 127/127)
2026-04-11 20:48:01,866   INFO  Running 500 warmup steps...
/opt/OpenPCDet/tools/../pcdet/ops/iou3d_nms/iou3d_nms_utils.py:66: UserWarning: The torch.cuda.*DtypeTensor constructors are no longer recommended. It's best to use methods such as torch.tensor(data, dtype=*, device='cuda') to create tensors. (Triggered internally at ../torch/csrc/tensor/python_tensor.cpp:83.)
  overlaps_bev = torch.cuda.FloatTensor(torch.Size((boxes_a.shape[0], boxes_b.shape[0]))).zero_()  # (N, M)
2026-04-11 20:48:15,108   INFO  Measurement burn-in: 100 steps (before profiler loop)
2026-04-11 20:48:17,665   INFO  Profiling 200 steps...
2026-04-11 20:48:22,981   INFO  Chrome trace skipped (MLS_PROFILE_NO_TORCH_PROFILER=1; avoids CUPTI conflict with nsys)
2026-04-11 20:48:22,985   INFO  Nsight: run e.g. nsys profile -o trace python profile_suite.py ... --nsight (same args)
2026-04-11 20:48:22,989   INFO  ======================================================================
2026-04-11 20:48:22,989   INFO    PointPillars Profile Suite — 2026-04-11 20:48:22
2026-04-11 20:48:22,989   INFO  ======================================================================
2026-04-11 20:48:22,989   INFO    Config  : /opt/OpenPCDet/tools/cfgs/kitti_models/pointpillar.yaml
2026-04-11 20:48:22,989   INFO    Ckpt    : /opt/OpenPCDet/tools/ckpt/pointpillar_7728.pth
2026-04-11 20:48:22,989   INFO    Compile : False
2026-04-11 20:48:22,990   INFO    AMP (fp16): True
2026-04-11 20:48:22,990   INFO    Memory opt scatter (HWC write): False
2026-04-11 20:48:22,990   INFO    Memory opt conv2d (channels_last): False
2026-04-11 20:48:22,990   INFO    Preprocess GPU (voxelize on GPU): True
2026-04-11 20:48:22,990   INFO    Compile voxelizer: False
2026-04-11 20:48:22,990   INFO    INT8    : False  (CPU dynamic Linear PTQ if true)
2026-04-11 20:48:22,991   INFO    Traced  : none
2026-04-11 20:48:22,991   INFO    Nsight NVTX: True
2026-04-11 20:48:22,991   INFO    Warmup  : 500 steps   Measured: 200 steps   Batch: 1   Meas. burn-in: 100
2026-04-11 20:48:22,991   INFO  
2026-04-11 20:48:22,991   INFO  ── Per-stage latency (mean / p50 / p95 / p99 / std) [ms] ─────────────
2026-04-11 20:48:22,991   INFO  Stage                   mean         p50         p95         p99         std
2026-04-11 20:48:22,992   INFO  ----------------------------------------------------------------------------
2026-04-11 20:48:22,992   INFO  read_points (excl.T_rt)        7.11        7.07        7.96        8.71        0.58
2026-04-11 20:48:22,992   INFO  cpu_prepare             0.57        0.57        0.65        0.73        0.05
2026-04-11 20:48:22,992   INFO  data_to_gpu             0.16        0.15        0.22        0.24        0.03
2026-04-11 20:48:22,992   INFO  pre_processing          2.33        2.29        2.66        2.83        0.15
2026-04-11 20:48:22,992   INFO  h2d (load rest)         0.13        0.13        0.14        0.15        0.01
2026-04-11 20:48:22,993   INFO  Forward (GPU)          15.51       15.41       16.57       16.98        0.52
2026-04-11 20:48:22,993   INFO  PostProcess             0.47        0.46        0.55        0.60        0.04
2026-04-11 20:48:22,993   INFO  ── Onboard frame ──       16.23       16.13       17.38       17.83        0.56
2026-04-11 20:48:22,993   INFO  ── T_rt (onboard) ──       19.17       19.02       20.82       21.10        0.68
2026-04-11 20:48:22,993   INFO  
2026-04-11 20:48:22,993   INFO  ── Throughput & Memory ─────────────────────────────────────────
2026-04-11 20:48:22,993   INFO    Throughput         : 52.2 samples/s  (batch=1, mean T_rt=19.17 ms)
2026-04-11 20:48:22,994   INFO    Peak GPU Memory    : 264.7 MB  (NMS/recall on GPU; backbone mostly CPU when INT8)
2026-04-11 20:48:22,994   INFO    Peak GPU Mem (steady): 264.7 MB  (no forward spike filter)
2026-04-11 20:48:22,994   INFO    Mean peak per step : 264.5 MB
2026-04-11 20:48:22,994   INFO    CUDA kernel events : 0
2026-04-11 20:48:22,994   INFO    T_rt mean (onboard, excl. read_points): 19.17 ms
2026-04-11 20:48:22,994   INFO  
2026-04-11 20:48:22,994   INFO  ── Outputs ──────────────────────────────────────────────────────
2026-04-11 20:48:22,995   INFO    Chrome trace       : /__modal/volumes/vo-IonADsHkUVjfGkodF5a2qa/modal_v2/research_matrix/M3_AMP/profile/torch_profile_trace.json
2026-04-11 20:48:22,995   INFO    Summary            : /__modal/volumes/vo-IonADsHkUVjfGkodF5a2qa/modal_v2/research_matrix/M3_AMP/profile/profile_summary.txt
2026-04-11 20:48:22,995   INFO  ======================================================================
2026-04-11 20:48:22,996   INFO  Forward module stage timing saved → /__modal/volumes/vo-IonADsHkUVjfGkodF5a2qa/modal_v2/research_matrix/M3_AMP/profile/forward_module_stage_ms.json
FATAL ERROR: /dvs/p4/build/sw/devtools/Agora/Rel/QuadD_CTK/QuadD/Common/GpuTraits/Src/GpuTicksConverter.cpp(376): Throw in function QuadDCommon::TimestampType GpuTraits::GpuTicksConverter::ConvertToCpuTime(const QuadDCommon::Uuid&, uint64_t&) const
Dynamic exception type: boost::wrapexcept<QuadDCommon::NotFoundException>
std::exception::what: NotFoundException
[QuadDCommon::tag_message*] = No GPU associated to the given UUID

Generating '/tmp/nsys-report-7844.qdstrm'
