2026-04-11 20:15:31,749   INFO  Profile suite — output dir: /__modal/volumes/vo-IonADsHkUVjfGkodF5a2qa/modal_v2/research_matrix/M2_FP32_mem_scatter/profile
2026-04-11 20:15:31,750   INFO  Loading KITTI dataset
2026-04-11 20:15:31,943   INFO  Total samples for KITTI dataset: 7481
/usr/local/lib/python3.11/site-packages/torch/functional.py:504: UserWarning: torch.meshgrid: in an upcoming release, it will be required to pass the indexing argument. (Triggered internally at ../aten/src/ATen/native/TensorShape.cpp:3526.)
  return _VF.meshgrid(tensors, **kwargs)  # type: ignore[attr-defined]
2026-04-11 20:15:32,419   INFO  ==> Loading parameters from checkpoint /opt/OpenPCDet/tools/ckpt/pointpillar_7728.pth to GPU
2026-04-11 20:15:32,441   INFO  ==> Done (loaded 127/127)
2026-04-11 20:15:32,449   INFO  Running 500 warmup steps...
/opt/OpenPCDet/tools/../pcdet/ops/iou3d_nms/iou3d_nms_utils.py:66: UserWarning: The torch.cuda.*DtypeTensor constructors are no longer recommended. It's best to use methods such as torch.tensor(data, dtype=*, device='cuda') to create tensors. (Triggered internally at ../torch/csrc/tensor/python_tensor.cpp:83.)
  overlaps_bev = torch.cuda.FloatTensor(torch.Size((boxes_a.shape[0], boxes_b.shape[0]))).zero_()  # (N, M)
2026-04-11 20:15:55,322   INFO  Measurement burn-in: 100 steps (before profiler loop)
2026-04-11 20:15:59,814   INFO  Profiling 200 steps (KITTI RT CPU stages)...
2026-04-11 20:16:09,004   INFO  Chrome trace skipped (MLS_PROFILE_NO_TORCH_PROFILER=1; avoids CUPTI conflict with nsys)
2026-04-11 20:16:09,007   INFO  Nsight: run e.g. nsys profile -o trace python profile_suite.py ... --nsight (same args)
2026-04-11 20:16:09,010   INFO  ======================================================================
2026-04-11 20:16:09,011   INFO    PointPillars Profile Suite — 2026-04-11 20:16:09
2026-04-11 20:16:09,011   INFO  ======================================================================
2026-04-11 20:16:09,011   INFO    Config  : /opt/OpenPCDet/tools/cfgs/kitti_models/pointpillar.yaml
2026-04-11 20:16:09,011   INFO    Ckpt    : /opt/OpenPCDet/tools/ckpt/pointpillar_7728.pth
2026-04-11 20:16:09,011   INFO    Compile : False
2026-04-11 20:16:09,011   INFO    AMP (fp16): False
2026-04-11 20:16:09,012   INFO    Memory opt scatter (HWC write): True
2026-04-11 20:16:09,012   INFO    Memory opt conv2d (channels_last): False
2026-04-11 20:16:09,012   INFO    Preprocess GPU (voxelize on GPU): False
2026-04-11 20:16:09,012   INFO    Compile voxelizer: False
2026-04-11 20:16:09,012   INFO    INT8    : False  (CPU dynamic Linear PTQ if true)
2026-04-11 20:16:09,012   INFO    Traced  : none
2026-04-11 20:16:09,012   INFO    Nsight NVTX: True
2026-04-11 20:16:09,013   INFO    Warmup  : 500 steps   Measured: 200 steps   Batch: 1   Meas. burn-in: 100
2026-04-11 20:16:09,013   INFO  
2026-04-11 20:16:09,013   INFO  ── Per-stage latency (mean / p50 / p95 / p99 / std) [ms] ─────────────
2026-04-11 20:16:09,013   INFO  Stage                   mean         p50         p95         p99         std
2026-04-11 20:16:09,013   INFO  ----------------------------------------------------------------------------
2026-04-11 20:16:09,013   INFO  read_points (excl.T_rt)        7.73        7.56        8.46       11.83        1.67
2026-04-11 20:16:09,014   INFO  pre_processing         17.02       17.14       22.55       24.49        3.62
2026-04-11 20:16:09,014   INFO  data_to_gpu             0.75        0.75        0.93        1.00        0.10
2026-04-11 20:16:09,014   INFO  Forward (GPU)          19.53       19.49       20.53       21.07        0.54
2026-04-11 20:16:09,014   INFO  PostProcess             0.55        0.53        0.64        0.70        0.05
2026-04-11 20:16:09,014   INFO  ── Onboard frame ──       21.01       20.98       22.30       22.78        0.65
2026-04-11 20:16:09,014   INFO  ── T_rt (onboard) ──       37.84       37.97       44.24       46.20        4.05
2026-04-11 20:16:09,014   INFO  
2026-04-11 20:16:09,015   INFO  ── Throughput & Memory ─────────────────────────────────────────
2026-04-11 20:16:09,015   INFO    Throughput         : 26.4 samples/s  (batch=1, mean T_rt=37.84 ms)
2026-04-11 20:16:09,015   INFO    Peak GPU Memory    : 292.4 MB  (NMS/recall on GPU; backbone mostly CPU when INT8)
2026-04-11 20:16:09,015   INFO    Peak GPU Mem (steady): 292.4 MB  (no forward spike filter)
2026-04-11 20:16:09,015   INFO    Mean peak per step : 292.3 MB
2026-04-11 20:16:09,015   INFO    CUDA kernel events : 0
2026-04-11 20:16:09,015   INFO    T_rt mean (onboard, excl. read_points): 37.84 ms
2026-04-11 20:16:09,016   INFO  
2026-04-11 20:16:09,016   INFO  ── Outputs ──────────────────────────────────────────────────────
2026-04-11 20:16:09,016   INFO    Chrome trace       : /__modal/volumes/vo-IonADsHkUVjfGkodF5a2qa/modal_v2/research_matrix/M2_FP32_mem_scatter/profile/torch_profile_trace.json
2026-04-11 20:16:09,016   INFO    Summary            : /__modal/volumes/vo-IonADsHkUVjfGkodF5a2qa/modal_v2/research_matrix/M2_FP32_mem_scatter/profile/profile_summary.txt
2026-04-11 20:16:09,016   INFO  ======================================================================
2026-04-11 20:16:09,017   INFO  Forward module stage timing saved → /__modal/volumes/vo-IonADsHkUVjfGkodF5a2qa/modal_v2/research_matrix/M2_FP32_mem_scatter/profile/forward_module_stage_ms.json
FATAL ERROR: /dvs/p4/build/sw/devtools/Agora/Rel/QuadD_CTK/QuadD/Common/GpuTraits/Src/GpuTicksConverter.cpp(376): Throw in function QuadDCommon::TimestampType GpuTraits::GpuTicksConverter::ConvertToCpuTime(const QuadDCommon::Uuid&, uint64_t&) const
Dynamic exception type: boost::wrapexcept<QuadDCommon::NotFoundException>
std::exception::what: NotFoundException
[QuadDCommon::tag_message*] = No GPU associated to the given UUID

Generating '/tmp/nsys-report-2ba6.qdstrm'
