2026-04-12 05:13:54,066   INFO  Profile suite — output dir: /__modal/volumes/vo-IonADsHkUVjfGkodF5a2qa/modal_v2_h100/M3_FP32/profile
2026-04-12 05:13:54,066   INFO  Loading KITTI dataset
2026-04-12 05:13:54,291   INFO  Total samples for KITTI dataset: 7481
2026-04-12 05:13:54,292   INFO  Using GPU voxelization profiling path (inference.py-aligned); see --preprocess_gpu
/usr/local/lib/python3.11/site-packages/torch/functional.py:504: UserWarning: torch.meshgrid: in an upcoming release, it will be required to pass the indexing argument. (Triggered internally at ../aten/src/ATen/native/TensorShape.cpp:3526.)
  return _VF.meshgrid(tensors, **kwargs)  # type: ignore[attr-defined]
2026-04-12 05:13:54,861   INFO  ==> Loading parameters from checkpoint /opt/OpenPCDet/tools/ckpt/pointpillar_7728.pth to GPU
2026-04-12 05:13:54,885   INFO  ==> Done (loaded 127/127)
2026-04-12 05:13:54,898   INFO  Running 500 warmup steps...
/opt/OpenPCDet/tools/../pcdet/ops/iou3d_nms/iou3d_nms_utils.py:66: UserWarning: The torch.cuda.*DtypeTensor constructors are no longer recommended. It's best to use methods such as torch.tensor(data, dtype=*, device='cuda') to create tensors. (Triggered internally at ../torch/csrc/tensor/python_tensor.cpp:83.)
  overlaps_bev = torch.cuda.FloatTensor(torch.Size((boxes_a.shape[0], boxes_b.shape[0]))).zero_()  # (N, M)
2026-04-12 05:14:06,507   INFO  Measurement burn-in: 100 steps (before profiler loop)
2026-04-12 05:14:08,704   INFO  Profiling 200 steps...
2026-04-12 05:14:13,295   INFO  Chrome trace skipped (MLS_PROFILE_NO_TORCH_PROFILER=1; avoids CUPTI conflict with nsys)
2026-04-12 05:14:13,298   INFO  Nsight: run e.g. nsys profile -o trace python profile_suite.py ... --nsight (same args)
2026-04-12 05:14:13,302   INFO  ======================================================================
2026-04-12 05:14:13,302   INFO    PointPillars Profile Suite — 2026-04-12 05:14:13
2026-04-12 05:14:13,303   INFO  ======================================================================
2026-04-12 05:14:13,303   INFO    Config  : /opt/OpenPCDet/tools/cfgs/kitti_models/pointpillar.yaml
2026-04-12 05:14:13,303   INFO    Ckpt    : /opt/OpenPCDet/tools/ckpt/pointpillar_7728.pth
2026-04-12 05:14:13,303   INFO    Compile : False
2026-04-12 05:14:13,303   INFO    AMP (fp16): False
2026-04-12 05:14:13,304   INFO    Memory opt scatter (HWC write): False
2026-04-12 05:14:13,304   INFO    Memory opt conv2d (channels_last): False
2026-04-12 05:14:13,304   INFO    Preprocess GPU (voxelize on GPU): True
2026-04-12 05:14:13,304   INFO    Compile voxelizer: False
2026-04-12 05:14:13,304   INFO    INT8    : False  (CPU dynamic Linear PTQ if true)
2026-04-12 05:14:13,305   INFO    Traced  : none
2026-04-12 05:14:13,305   INFO    Nsight NVTX: True
2026-04-12 05:14:13,305   INFO    Warmup  : 500 steps   Measured: 200 steps   Batch: 1   Meas. burn-in: 100
2026-04-12 05:14:13,305   INFO  
2026-04-12 05:14:13,306   INFO  ── Per-stage latency (mean / p50 / p95 / p99 / std) [ms] ─────────────
2026-04-12 05:14:13,306   INFO  Stage                   mean         p50         p95         p99         std
2026-04-12 05:14:13,306   INFO  ----------------------------------------------------------------------------
2026-04-12 05:14:13,306   INFO  read_points (excl.T_rt)        8.34        8.28        8.70        8.97        1.54
2026-04-12 05:14:13,306   INFO  cpu_prepare             0.73        0.73        0.79        0.82        0.05
2026-04-12 05:14:13,306   INFO  data_to_gpu             0.19        0.19        0.23        0.27        0.03
2026-04-12 05:14:13,307   INFO  pre_processing          2.24        2.22        2.37        2.48        0.10
2026-04-12 05:14:13,307   INFO  h2d (load rest)         0.11        0.11        0.13        0.15        0.01
2026-04-12 05:14:13,307   INFO  Forward (GPU)          10.55       10.53       10.92       11.42        0.26
2026-04-12 05:14:13,307   INFO  PostProcess             0.47        0.46        0.52        0.57        0.06
2026-04-12 05:14:13,308   INFO  ── Onboard frame ──       11.26       11.24       11.74       12.21        0.29
2026-04-12 05:14:13,308   INFO  ── T_rt (onboard) ──       14.29       14.25       14.92       15.43        0.35
2026-04-12 05:14:13,308   INFO  
2026-04-12 05:14:13,308   INFO  ── Throughput & Memory ─────────────────────────────────────────
2026-04-12 05:14:13,308   INFO    Throughput         : 70.0 samples/s  (batch=1, mean T_rt=14.29 ms)
2026-04-12 05:14:13,309   INFO    Peak GPU Memory    : 355.3 MB  (NMS/recall on GPU; backbone mostly CPU when INT8)
2026-04-12 05:14:13,309   INFO    Peak GPU Mem (steady): 355.3 MB  (no forward spike filter)
2026-04-12 05:14:13,309   INFO    Mean peak per step : 355.3 MB
2026-04-12 05:14:13,309   INFO    CUDA kernel events : 0
2026-04-12 05:14:13,309   INFO    T_rt mean (onboard, excl. read_points): 14.29 ms
2026-04-12 05:14:13,309   INFO  
2026-04-12 05:14:13,310   INFO  ── Outputs ──────────────────────────────────────────────────────
2026-04-12 05:14:13,310   INFO    Chrome trace       : /__modal/volumes/vo-IonADsHkUVjfGkodF5a2qa/modal_v2_h100/M3_FP32/profile/torch_profile_trace.json
2026-04-12 05:14:13,310   INFO    Summary            : /__modal/volumes/vo-IonADsHkUVjfGkodF5a2qa/modal_v2_h100/M3_FP32/profile/profile_summary.txt
2026-04-12 05:14:13,310   INFO  ======================================================================
2026-04-12 05:14:13,311   INFO  Forward module stage timing saved → /__modal/volumes/vo-IonADsHkUVjfGkodF5a2qa/modal_v2_h100/M3_FP32/profile/forward_module_stage_ms.json
FATAL ERROR: /dvs/p4/build/sw/devtools/Agora/Rel/QuadD_CTK/QuadD/Common/GpuTraits/Src/GpuTicksConverter.cpp(376): Throw in function QuadDCommon::TimestampType GpuTraits::GpuTicksConverter::ConvertToCpuTime(const QuadDCommon::Uuid&, uint64_t&) const
Dynamic exception type: boost::wrapexcept<QuadDCommon::NotFoundException>
std::exception::what: NotFoundException
[QuadDCommon::tag_message*] = No GPU associated to the given UUID

Generating '/tmp/nsys-report-b4fe.qdstrm'
