2026-04-12 04:30:09,305   INFO  Profile suite — output dir: /__modal/volumes/vo-IonADsHkUVjfGkodF5a2qa/modal_v2_h100/M1_FP32/profile
2026-04-12 04:30:09,306   INFO  Loading KITTI dataset
2026-04-12 04:30:09,530   INFO  Total samples for KITTI dataset: 7481
/usr/local/lib/python3.11/site-packages/torch/functional.py:504: UserWarning: torch.meshgrid: in an upcoming release, it will be required to pass the indexing argument. (Triggered internally at ../aten/src/ATen/native/TensorShape.cpp:3526.)
  return _VF.meshgrid(tensors, **kwargs)  # type: ignore[attr-defined]
2026-04-12 04:30:10,010   INFO  ==> Loading parameters from checkpoint /opt/OpenPCDet/tools/ckpt/pointpillar_7728.pth to GPU
2026-04-12 04:30:10,032   INFO  ==> Done (loaded 127/127)
2026-04-12 04:30:10,060   INFO  Wrapping model with torch.compile()
2026-04-12 04:30:11,732   INFO  Running 500 warmup steps...
/usr/local/lib/python3.11/site-packages/torch/_inductor/compile_fx.py:135: UserWarning: TensorFloat32 tensor cores for float32 matrix multiplication available but not enabled. Consider setting `torch.set_float32_matmul_precision('high')` for better performance.
  warnings.warn(
/usr/local/lib/python3.11/site-packages/torch/_dynamo/utils.py:1397: UserWarning: The torch.cuda.*DtypeTensor constructors are no longer recommended. It's best to use methods such as torch.tensor(data, dtype=*, device='cuda') to create tensors. (Triggered internally at ../torch/csrc/tensor/python_tensor.cpp:83.)
  return node.target(*args, **kwargs)
[2026-04-12 04:32:31,032] torch._dynamo.convert_frame: [WARNING] torch._dynamo hit config.cache_size_limit (64)
[2026-04-12 04:32:31,032] torch._dynamo.convert_frame: [WARNING]    function: '<resume in generate_recall_record>' (/opt/OpenPCDet/tools/../pcdet/models/detectors/detector3d_template.py:302)
[2026-04-12 04:32:31,032] torch._dynamo.convert_frame: [WARNING] to diagnose recompilation issues, set env variable TORCHDYNAMO_REPORT_GUARD_FAILURES=1 and also see https://pytorch.org/docs/master/compile/troubleshooting.html.
[2026-04-12 04:32:31,034] torch._dynamo.convert_frame: [WARNING] torch._dynamo hit config.cache_size_limit (64)
[2026-04-12 04:32:31,034] torch._dynamo.convert_frame: [WARNING]    function: 'boxes_iou3d_gpu' (/opt/OpenPCDet/tools/../pcdet/ops/iou3d_nms/iou3d_nms_utils.py:48)
[2026-04-12 04:32:31,034] torch._dynamo.convert_frame: [WARNING] to diagnose recompilation issues, set env variable TORCHDYNAMO_REPORT_GUARD_FAILURES=1 and also see https://pytorch.org/docs/master/compile/troubleshooting.html.
2026-04-12 04:32:45,208   INFO  Measurement burn-in: 100 steps (before profiler loop)
2026-04-12 04:32:48,575   INFO  Profiling 200 steps (KITTI RT CPU stages)...
2026-04-12 04:32:55,518   INFO  Chrome trace skipped (MLS_PROFILE_NO_TORCH_PROFILER=1; avoids CUPTI conflict with nsys)
2026-04-12 04:32:55,522   INFO  Nsight: run e.g. nsys profile -o trace python profile_suite.py ... --nsight (same args)
2026-04-12 04:32:55,525   INFO  ======================================================================
2026-04-12 04:32:55,525   INFO    PointPillars Profile Suite — 2026-04-12 04:32:55
2026-04-12 04:32:55,526   INFO  ======================================================================
2026-04-12 04:32:55,526   INFO    Config  : /opt/OpenPCDet/tools/cfgs/kitti_models/pointpillar.yaml
2026-04-12 04:32:55,526   INFO    Ckpt    : /opt/OpenPCDet/tools/ckpt/pointpillar_7728.pth
2026-04-12 04:32:55,526   INFO    Compile : True
2026-04-12 04:32:55,527   INFO    AMP (fp16): False
2026-04-12 04:32:55,527   INFO    Memory opt scatter (HWC write): False
2026-04-12 04:32:55,527   INFO    Memory opt conv2d (channels_last): False
2026-04-12 04:32:55,527   INFO    Preprocess GPU (voxelize on GPU): False
2026-04-12 04:32:55,527   INFO    Compile voxelizer: False
2026-04-12 04:32:55,528   INFO    INT8    : False  (CPU dynamic Linear PTQ if true)
2026-04-12 04:32:55,528   INFO    Traced  : none
2026-04-12 04:32:55,528   INFO    Nsight NVTX: True
2026-04-12 04:32:55,528   INFO    Warmup  : 500 steps   Measured: 200 steps   Batch: 1   Meas. burn-in: 100
2026-04-12 04:32:55,528   INFO  
2026-04-12 04:32:55,529   INFO  ── Per-stage latency (mean / p50 / p95 / p99 / std) [ms] ─────────────
2026-04-12 04:32:55,529   INFO  Stage                   mean         p50         p95         p99         std
2026-04-12 04:32:55,529   INFO  ----------------------------------------------------------------------------
2026-04-12 04:32:55,529   INFO  read_points (excl.T_rt)        8.32        8.29        8.69        9.02        1.15
2026-04-12 04:32:55,529   INFO  pre_processing         14.53       14.54       18.83       20.38        2.74
2026-04-12 04:32:55,530   INFO  data_to_gpu             0.68        0.68        0.83        0.92        0.12
2026-04-12 04:32:55,530   INFO  Forward (GPU)          10.34       10.15       11.36       14.82        0.92
2026-04-12 04:32:55,530   INFO  PostProcess             0.46        0.46        0.51        0.57        0.07
2026-04-12 04:32:55,530   INFO  ── Onboard frame ──       11.67       11.50       12.86       16.14        0.96
2026-04-12 04:32:55,530   INFO  ── T_rt (onboard) ──       26.02       25.95       30.82       32.71        3.09
2026-04-12 04:32:55,531   INFO  
2026-04-12 04:32:55,531   INFO  ── Throughput & Memory ─────────────────────────────────────────
2026-04-12 04:32:55,531   INFO    Throughput         : 38.4 samples/s  (batch=1, mean T_rt=26.02 ms)
2026-04-12 04:32:55,531   INFO    Peak GPU Memory    : 5939.2 MB  (NMS/recall on GPU; backbone mostly CPU when INT8)
2026-04-12 04:32:55,531   INFO    Peak GPU Mem (steady): 5939.2 MB  (steps with forward <= 200.0 ms)
2026-04-12 04:32:55,531   INFO    Mean peak per step : 5255.8 MB
2026-04-12 04:32:55,532   INFO    CUDA kernel events : 0
2026-04-12 04:32:55,532   INFO    T_rt mean (onboard, excl. read_points): 26.02 ms
2026-04-12 04:32:55,532   INFO  
2026-04-12 04:32:55,532   INFO  ── Outputs ──────────────────────────────────────────────────────
2026-04-12 04:32:55,533   INFO    Chrome trace       : /__modal/volumes/vo-IonADsHkUVjfGkodF5a2qa/modal_v2_h100/M1_FP32/profile/torch_profile_trace.json
2026-04-12 04:32:55,533   INFO    Summary            : /__modal/volumes/vo-IonADsHkUVjfGkodF5a2qa/modal_v2_h100/M1_FP32/profile/profile_summary.txt
2026-04-12 04:32:55,533   INFO  ======================================================================
2026-04-12 04:32:55,534   INFO  Forward module stage timing saved → /__modal/volumes/vo-IonADsHkUVjfGkodF5a2qa/modal_v2_h100/M1_FP32/profile/forward_module_stage_ms.json
FATAL ERROR: /dvs/p4/build/sw/devtools/Agora/Rel/QuadD_CTK/QuadD/Common/GpuTraits/Src/GpuTicksConverter.cpp(376): Throw in function QuadDCommon::TimestampType GpuTraits::GpuTicksConverter::ConvertToCpuTime(const QuadDCommon::Uuid&, uint64_t&) const
Dynamic exception type: boost::wrapexcept<QuadDCommon::NotFoundException>
std::exception::what: NotFoundException
[QuadDCommon::tag_message*] = No GPU associated to the given UUID

Generating '/tmp/nsys-report-6e66.qdstrm'
