2026-04-12 04:47:27,313   INFO  Profile suite — output dir: /__modal/volumes/vo-IonADsHkUVjfGkodF5a2qa/modal_v2_h100/M2_FP32_mem_scatter/profile
2026-04-12 04:47:27,314   INFO  Loading KITTI dataset
2026-04-12 04:47:27,535   INFO  Total samples for KITTI dataset: 7481
/usr/local/lib/python3.11/site-packages/torch/functional.py:504: UserWarning: torch.meshgrid: in an upcoming release, it will be required to pass the indexing argument. (Triggered internally at ../aten/src/ATen/native/TensorShape.cpp:3526.)
  return _VF.meshgrid(tensors, **kwargs)  # type: ignore[attr-defined]
2026-04-12 04:47:28,045   INFO  ==> Loading parameters from checkpoint /opt/OpenPCDet/tools/ckpt/pointpillar_7728.pth to GPU
2026-04-12 04:47:28,068   INFO  ==> Done (loaded 127/127)
2026-04-12 04:47:28,078   INFO  Running 500 warmup steps...
/opt/OpenPCDet/tools/../pcdet/ops/iou3d_nms/iou3d_nms_utils.py:66: UserWarning: The torch.cuda.*DtypeTensor constructors are no longer recommended. It's best to use methods such as torch.tensor(data, dtype=*, device='cuda') to create tensors. (Triggered internally at ../torch/csrc/tensor/python_tensor.cpp:83.)
  overlaps_bev = torch.cuda.FloatTensor(torch.Size((boxes_a.shape[0], boxes_b.shape[0]))).zero_()  # (N, M)
2026-04-12 04:47:46,329   INFO  Measurement burn-in: 100 steps (before profiler loop)
2026-04-12 04:47:49,820   INFO  Profiling 200 steps (KITTI RT CPU stages)...
2026-04-12 04:47:57,033   INFO  Chrome trace skipped (MLS_PROFILE_NO_TORCH_PROFILER=1; avoids CUPTI conflict with nsys)
2026-04-12 04:47:57,036   INFO  Nsight: run e.g. nsys profile -o trace python profile_suite.py ... --nsight (same args)
2026-04-12 04:47:57,040   INFO  ======================================================================
2026-04-12 04:47:57,040   INFO    PointPillars Profile Suite — 2026-04-12 04:47:57
2026-04-12 04:47:57,040   INFO  ======================================================================
2026-04-12 04:47:57,040   INFO    Config  : /opt/OpenPCDet/tools/cfgs/kitti_models/pointpillar.yaml
2026-04-12 04:47:57,040   INFO    Ckpt    : /opt/OpenPCDet/tools/ckpt/pointpillar_7728.pth
2026-04-12 04:47:57,041   INFO    Compile : False
2026-04-12 04:47:57,041   INFO    AMP (fp16): False
2026-04-12 04:47:57,041   INFO    Memory opt scatter (HWC write): True
2026-04-12 04:47:57,041   INFO    Memory opt conv2d (channels_last): False
2026-04-12 04:47:57,042   INFO    Preprocess GPU (voxelize on GPU): False
2026-04-12 04:47:57,042   INFO    Compile voxelizer: False
2026-04-12 04:47:57,042   INFO    INT8    : False  (CPU dynamic Linear PTQ if true)
2026-04-12 04:47:57,042   INFO    Traced  : none
2026-04-12 04:47:57,042   INFO    Nsight NVTX: True
2026-04-12 04:47:57,042   INFO    Warmup  : 500 steps   Measured: 200 steps   Batch: 1   Meas. burn-in: 100
2026-04-12 04:47:57,043   INFO  
2026-04-12 04:47:57,043   INFO  ── Per-stage latency (mean / p50 / p95 / p99 / std) [ms] ─────────────
2026-04-12 04:47:57,043   INFO  Stage                   mean         p50         p95         p99         std
2026-04-12 04:47:57,043   INFO  ----------------------------------------------------------------------------
2026-04-12 04:47:57,043   INFO  read_points (excl.T_rt)        8.65        8.50        9.31       10.84        1.52
2026-04-12 04:47:57,043   INFO  pre_processing         14.62       14.56       19.39       20.59        2.83
2026-04-12 04:47:57,044   INFO  data_to_gpu             0.74        0.75        0.89        0.93        0.10
2026-04-12 04:47:57,044   INFO  Forward (GPU)          11.14       11.11       11.58       11.91        0.26
2026-04-12 04:47:57,044   INFO  PostProcess             0.52        0.51        0.57        0.64        0.06
2026-04-12 04:47:57,044   INFO  ── Onboard frame ──       12.60       12.58       13.16       13.46        0.34
2026-04-12 04:47:57,044   INFO  ── T_rt (onboard) ──       27.02       26.96       32.06       33.21        3.05
2026-04-12 04:47:57,044   INFO  
2026-04-12 04:47:57,045   INFO  ── Throughput & Memory ─────────────────────────────────────────
2026-04-12 04:47:57,045   INFO    Throughput         : 37.0 samples/s  (batch=1, mean T_rt=27.02 ms)
2026-04-12 04:47:57,045   INFO    Peak GPU Memory    : 355.8 MB  (NMS/recall on GPU; backbone mostly CPU when INT8)
2026-04-12 04:47:57,045   INFO    Peak GPU Mem (steady): 355.8 MB  (no forward spike filter)
2026-04-12 04:47:57,045   INFO    Mean peak per step : 355.8 MB
2026-04-12 04:47:57,046   INFO    CUDA kernel events : 0
2026-04-12 04:47:57,046   INFO    T_rt mean (onboard, excl. read_points): 27.02 ms
2026-04-12 04:47:57,046   INFO  
2026-04-12 04:47:57,046   INFO  ── Outputs ──────────────────────────────────────────────────────
2026-04-12 04:47:57,046   INFO    Chrome trace       : /__modal/volumes/vo-IonADsHkUVjfGkodF5a2qa/modal_v2_h100/M2_FP32_mem_scatter/profile/torch_profile_trace.json
2026-04-12 04:47:57,046   INFO    Summary            : /__modal/volumes/vo-IonADsHkUVjfGkodF5a2qa/modal_v2_h100/M2_FP32_mem_scatter/profile/profile_summary.txt
2026-04-12 04:47:57,047   INFO  ======================================================================
2026-04-12 04:47:57,047   INFO  Forward module stage timing saved → /__modal/volumes/vo-IonADsHkUVjfGkodF5a2qa/modal_v2_h100/M2_FP32_mem_scatter/profile/forward_module_stage_ms.json
FATAL ERROR: /dvs/p4/build/sw/devtools/Agora/Rel/QuadD_CTK/QuadD/Common/GpuTraits/Src/GpuTicksConverter.cpp(376): Throw in function QuadDCommon::TimestampType GpuTraits::GpuTicksConverter::ConvertToCpuTime(const QuadDCommon::Uuid&, uint64_t&) const
Dynamic exception type: boost::wrapexcept<QuadDCommon::NotFoundException>
std::exception::what: NotFoundException
[QuadDCommon::tag_message*] = No GPU associated to the given UUID

Generating '/tmp/nsys-report-a6b2.qdstrm'
