2026-04-12 00:58:17,129   INFO  Profile suite — output dir: /__modal/volumes/vo-IonADsHkUVjfGkodF5a2qa/modal_v2_t4/M1_AMP/profile
2026-04-12 00:58:17,130   INFO  Loading KITTI dataset
2026-04-12 00:58:17,389   INFO  Total samples for KITTI dataset: 7481
/usr/local/lib/python3.11/site-packages/torch/functional.py:504: UserWarning: torch.meshgrid: in an upcoming release, it will be required to pass the indexing argument. (Triggered internally at ../aten/src/ATen/native/TensorShape.cpp:3526.)
  return _VF.meshgrid(tensors, **kwargs)  # type: ignore[attr-defined]
2026-04-12 00:58:18,291   INFO  ==> Loading parameters from checkpoint /opt/OpenPCDet/tools/ckpt/pointpillar_7728.pth to GPU
2026-04-12 00:58:18,322   INFO  ==> Done (loaded 127/127)
2026-04-12 00:58:18,334   INFO  Wrapping model with torch.compile()
2026-04-12 00:58:20,445   INFO  Running 500 warmup steps...
/usr/local/lib/python3.11/site-packages/torch/_dynamo/utils.py:1397: UserWarning: The torch.cuda.*DtypeTensor constructors are no longer recommended. It's best to use methods such as torch.tensor(data, dtype=*, device='cuda') to create tensors. (Triggered internally at ../torch/csrc/tensor/python_tensor.cpp:83.)
  return node.target(*args, **kwargs)
[2026-04-12 01:00:42,281] torch._dynamo.convert_frame: [WARNING] torch._dynamo hit config.cache_size_limit (64)
[2026-04-12 01:00:42,281] torch._dynamo.convert_frame: [WARNING]    function: '<resume in generate_recall_record>' (/opt/OpenPCDet/tools/../pcdet/models/detectors/detector3d_template.py:302)
[2026-04-12 01:00:42,281] torch._dynamo.convert_frame: [WARNING] to diagnose recompilation issues, set env variable TORCHDYNAMO_REPORT_GUARD_FAILURES=1 and also see https://pytorch.org/docs/master/compile/troubleshooting.html.
[2026-04-12 01:00:42,282] torch._dynamo.convert_frame: [WARNING] torch._dynamo hit config.cache_size_limit (64)
[2026-04-12 01:00:42,282] torch._dynamo.convert_frame: [WARNING]    function: 'boxes_iou3d_gpu' (/opt/OpenPCDet/tools/../pcdet/ops/iou3d_nms/iou3d_nms_utils.py:48)
[2026-04-12 01:00:42,282] torch._dynamo.convert_frame: [WARNING] to diagnose recompilation issues, set env variable TORCHDYNAMO_REPORT_GUARD_FAILURES=1 and also see https://pytorch.org/docs/master/compile/troubleshooting.html.
2026-04-12 01:01:07,591   INFO  Measurement burn-in: 100 steps (before profiler loop)
2026-04-12 01:01:13,611   INFO  Profiling 200 steps (KITTI RT CPU stages)...
2026-04-12 01:01:26,069   INFO  Chrome trace skipped (MLS_PROFILE_NO_TORCH_PROFILER=1; avoids CUPTI conflict with nsys)
2026-04-12 01:01:26,073   INFO  Nsight: run e.g. nsys profile -o trace python profile_suite.py ... --nsight (same args)
2026-04-12 01:01:26,077   INFO  ======================================================================
2026-04-12 01:01:26,077   INFO    PointPillars Profile Suite — 2026-04-12 01:01:26
2026-04-12 01:01:26,078   INFO  ======================================================================
2026-04-12 01:01:26,078   INFO    Config  : /opt/OpenPCDet/tools/cfgs/kitti_models/pointpillar.yaml
2026-04-12 01:01:26,078   INFO    Ckpt    : /opt/OpenPCDet/tools/ckpt/pointpillar_7728.pth
2026-04-12 01:01:26,078   INFO    Compile : True
2026-04-12 01:01:26,078   INFO    AMP (fp16): True
2026-04-12 01:01:26,079   INFO    Memory opt scatter (HWC write): False
2026-04-12 01:01:26,079   INFO    Memory opt conv2d (channels_last): False
2026-04-12 01:01:26,079   INFO    Preprocess GPU (voxelize on GPU): False
2026-04-12 01:01:26,079   INFO    Compile voxelizer: False
2026-04-12 01:01:26,080   INFO    INT8    : False  (CPU dynamic Linear PTQ if true)
2026-04-12 01:01:26,080   INFO    Traced  : none
2026-04-12 01:01:26,080   INFO    Nsight NVTX: True
2026-04-12 01:01:26,080   INFO    Warmup  : 500 steps   Measured: 200 steps   Batch: 1   Meas. burn-in: 100
2026-04-12 01:01:26,081   INFO  
2026-04-12 01:01:26,081   INFO  ── Per-stage latency (mean / p50 / p95 / p99 / std) [ms] ─────────────
2026-04-12 01:01:26,081   INFO  Stage                   mean         p50         p95         p99         std
2026-04-12 01:01:26,081   INFO  ----------------------------------------------------------------------------
2026-04-12 01:01:26,082   INFO  read_points (excl.T_rt)       10.05        9.41       10.97       30.90        4.21
2026-04-12 01:01:26,082   INFO  pre_processing         22.18       22.08       29.67       32.58        4.80
2026-04-12 01:01:26,082   INFO  data_to_gpu             1.24        1.22        1.48        1.64        0.18
2026-04-12 01:01:26,082   INFO  Forward (GPU)          27.66       26.80       33.32       39.51        3.12
2026-04-12 01:01:26,083   INFO  PostProcess             0.69        0.67        0.81        0.90        0.10
2026-04-12 01:01:26,083   INFO  ── Onboard frame ──       29.81       28.98       35.59       41.88        3.17
2026-04-12 01:01:26,083   INFO  ── T_rt (onboard) ──       51.77       51.80       61.78       66.80        6.37
2026-04-12 01:01:26,083   INFO  
2026-04-12 01:01:26,083   INFO  ── Throughput & Memory ─────────────────────────────────────────
2026-04-12 01:01:26,084   INFO    Throughput         : 19.3 samples/s  (batch=1, mean T_rt=51.77 ms)
2026-04-12 01:01:26,084   INFO    Peak GPU Memory    : 5703.2 MB  (NMS/recall on GPU; backbone mostly CPU when INT8)
2026-04-12 01:01:26,084   INFO    Peak GPU Mem (steady): 5703.2 MB  (steps with forward <= 200.0 ms)
2026-04-12 01:01:26,087   INFO    Mean peak per step : 5022.0 MB
2026-04-12 01:01:26,087   INFO    CUDA kernel events : 0
2026-04-12 01:01:26,088   INFO    T_rt mean (onboard, excl. read_points): 51.77 ms
2026-04-12 01:01:26,088   INFO  
2026-04-12 01:01:26,089   INFO  ── Outputs ──────────────────────────────────────────────────────
2026-04-12 01:01:26,089   INFO    Chrome trace       : /__modal/volumes/vo-IonADsHkUVjfGkodF5a2qa/modal_v2_t4/M1_AMP/profile/torch_profile_trace.json
2026-04-12 01:01:26,089   INFO    Summary            : /__modal/volumes/vo-IonADsHkUVjfGkodF5a2qa/modal_v2_t4/M1_AMP/profile/profile_summary.txt
2026-04-12 01:01:26,090   INFO  ======================================================================
2026-04-12 01:01:26,091   INFO  Forward module stage timing saved → /__modal/volumes/vo-IonADsHkUVjfGkodF5a2qa/modal_v2_t4/M1_AMP/profile/forward_module_stage_ms.json
FATAL ERROR: /dvs/p4/build/sw/devtools/Agora/Rel/QuadD_CTK/QuadD/Common/GpuTraits/Src/GpuTicksConverter.cpp(376): Throw in function QuadDCommon::TimestampType GpuTraits::GpuTicksConverter::ConvertToCpuTime(const QuadDCommon::Uuid&, uint64_t&) const
Dynamic exception type: boost::wrapexcept<QuadDCommon::NotFoundException>
std::exception::what: NotFoundException
[QuadDCommon::tag_message*] = No GPU associated to the given UUID

Generating '/tmp/nsys-report-016f.qdstrm'
