2026-04-11 20:42:52,607   INFO  Profile suite — output dir: /__modal/volumes/vo-IonADsHkUVjfGkodF5a2qa/modal_v2/research_matrix/M3_FP32/profile
2026-04-11 20:42:52,608   INFO  Loading KITTI dataset
2026-04-11 20:42:52,829   INFO  Total samples for KITTI dataset: 7481
2026-04-11 20:42:52,829   INFO  Using GPU voxelization profiling path (inference.py-aligned); see --preprocess_gpu
/usr/local/lib/python3.11/site-packages/torch/functional.py:504: UserWarning: torch.meshgrid: in an upcoming release, it will be required to pass the indexing argument. (Triggered internally at ../aten/src/ATen/native/TensorShape.cpp:3526.)
  return _VF.meshgrid(tensors, **kwargs)  # type: ignore[attr-defined]
2026-04-11 20:42:53,437   INFO  ==> Loading parameters from checkpoint /opt/OpenPCDet/tools/ckpt/pointpillar_7728.pth to GPU
2026-04-11 20:42:53,460   INFO  ==> Done (loaded 127/127)
2026-04-11 20:42:53,468   INFO  Running 500 warmup steps...
/opt/OpenPCDet/tools/../pcdet/ops/iou3d_nms/iou3d_nms_utils.py:66: UserWarning: The torch.cuda.*DtypeTensor constructors are no longer recommended. It's best to use methods such as torch.tensor(data, dtype=*, device='cuda') to create tensors. (Triggered internally at ../torch/csrc/tensor/python_tensor.cpp:83.)
  overlaps_bev = torch.cuda.FloatTensor(torch.Size((boxes_a.shape[0], boxes_b.shape[0]))).zero_()  # (N, M)
2026-04-11 20:43:08,022   INFO  Measurement burn-in: 100 steps (before profiler loop)
2026-04-11 20:43:10,804   INFO  Profiling 200 steps...
2026-04-11 20:43:16,687   INFO  Chrome trace skipped (MLS_PROFILE_NO_TORCH_PROFILER=1; avoids CUPTI conflict with nsys)
2026-04-11 20:43:16,691   INFO  Nsight: run e.g. nsys profile -o trace python profile_suite.py ... --nsight (same args)
2026-04-11 20:43:16,694   INFO  ======================================================================
2026-04-11 20:43:16,695   INFO    PointPillars Profile Suite — 2026-04-11 20:43:16
2026-04-11 20:43:16,695   INFO  ======================================================================
2026-04-11 20:43:16,695   INFO    Config  : /opt/OpenPCDet/tools/cfgs/kitti_models/pointpillar.yaml
2026-04-11 20:43:16,695   INFO    Ckpt    : /opt/OpenPCDet/tools/ckpt/pointpillar_7728.pth
2026-04-11 20:43:16,695   INFO    Compile : False
2026-04-11 20:43:16,695   INFO    AMP (fp16): False
2026-04-11 20:43:16,696   INFO    Memory opt scatter (HWC write): False
2026-04-11 20:43:16,696   INFO    Memory opt conv2d (channels_last): False
2026-04-11 20:43:16,696   INFO    Preprocess GPU (voxelize on GPU): True
2026-04-11 20:43:16,696   INFO    Compile voxelizer: False
2026-04-11 20:43:16,696   INFO    INT8    : False  (CPU dynamic Linear PTQ if true)
2026-04-11 20:43:16,696   INFO    Traced  : none
2026-04-11 20:43:16,697   INFO    Nsight NVTX: True
2026-04-11 20:43:16,697   INFO    Warmup  : 500 steps   Measured: 200 steps   Batch: 1   Meas. burn-in: 100
2026-04-11 20:43:16,697   INFO  
2026-04-11 20:43:16,697   INFO  ── Per-stage latency (mean / p50 / p95 / p99 / std) [ms] ─────────────
2026-04-11 20:43:16,697   INFO  Stage                   mean         p50         p95         p99         std
2026-04-11 20:43:16,697   INFO  ----------------------------------------------------------------------------
2026-04-11 20:43:16,697   INFO  read_points (excl.T_rt)        7.31        7.17        8.04        8.36        1.49
2026-04-11 20:43:16,698   INFO  cpu_prepare             0.59        0.60        0.65        0.68        0.04
2026-04-11 20:43:16,698   INFO  data_to_gpu             0.18        0.18        0.21        0.24        0.02
2026-04-11 20:43:16,698   INFO  pre_processing          2.41        2.41        2.53        2.62        0.08
2026-04-11 20:43:16,698   INFO  h2d (load rest)         0.14        0.14        0.15        0.16        0.01
2026-04-11 20:43:16,698   INFO  Forward (GPU)          17.97       17.97       18.49       18.86        0.51
2026-04-11 20:43:16,698   INFO  PostProcess             0.50        0.50        0.54        0.58        0.05
2026-04-11 20:43:16,698   INFO  ── Onboard frame ──       18.73       18.72       19.28       19.69        0.53
2026-04-11 20:43:16,699   INFO  ── T_rt (onboard) ──       21.79       21.78       22.44       22.86        0.57
2026-04-11 20:43:16,699   INFO  
2026-04-11 20:43:16,699   INFO  ── Throughput & Memory ─────────────────────────────────────────
2026-04-11 20:43:16,699   INFO    Throughput         : 45.9 samples/s  (batch=1, mean T_rt=21.79 ms)
2026-04-11 20:43:16,699   INFO    Peak GPU Memory    : 293.1 MB  (NMS/recall on GPU; backbone mostly CPU when INT8)
2026-04-11 20:43:16,699   INFO    Peak GPU Mem (steady): 293.1 MB  (no forward spike filter)
2026-04-11 20:43:16,699   INFO    Mean peak per step : 292.6 MB
2026-04-11 20:43:16,700   INFO    CUDA kernel events : 0
2026-04-11 20:43:16,700   INFO    T_rt mean (onboard, excl. read_points): 21.79 ms
2026-04-11 20:43:16,700   INFO  
2026-04-11 20:43:16,700   INFO  ── Outputs ──────────────────────────────────────────────────────
2026-04-11 20:43:16,700   INFO    Chrome trace       : /__modal/volumes/vo-IonADsHkUVjfGkodF5a2qa/modal_v2/research_matrix/M3_FP32/profile/torch_profile_trace.json
2026-04-11 20:43:16,700   INFO    Summary            : /__modal/volumes/vo-IonADsHkUVjfGkodF5a2qa/modal_v2/research_matrix/M3_FP32/profile/profile_summary.txt
2026-04-11 20:43:16,700   INFO  ======================================================================
2026-04-11 20:43:16,701   INFO  Forward module stage timing saved → /__modal/volumes/vo-IonADsHkUVjfGkodF5a2qa/modal_v2/research_matrix/M3_FP32/profile/forward_module_stage_ms.json
FATAL ERROR: /dvs/p4/build/sw/devtools/Agora/Rel/QuadD_CTK/QuadD/Common/GpuTraits/Src/GpuTicksConverter.cpp(376): Throw in function QuadDCommon::TimestampType GpuTraits::GpuTicksConverter::ConvertToCpuTime(const QuadDCommon::Uuid&, uint64_t&) const
Dynamic exception type: boost::wrapexcept<QuadDCommon::NotFoundException>
std::exception::what: NotFoundException
[QuadDCommon::tag_message*] = No GPU associated to the given UUID

Generating '/tmp/nsys-report-ab99.qdstrm'
