2026-04-12 05:31:58,755   INFO  Profile suite — output dir: /__modal/volumes/vo-IonADsHkUVjfGkodF5a2qa/modal_v2_h100/M4_AMP/profile
2026-04-12 05:31:58,755   INFO  Loading KITTI dataset
2026-04-12 05:31:58,981   INFO  Total samples for KITTI dataset: 7481
2026-04-12 05:31:59,364   INFO  Voxelizer wrapped with torch.compile(dynamic=True)
2026-04-12 05:32:00,796   INFO  Using GPU voxelization profiling path (inference.py-aligned); see --preprocess_gpu
/usr/local/lib/python3.11/site-packages/torch/functional.py:504: UserWarning: torch.meshgrid: in an upcoming release, it will be required to pass the indexing argument. (Triggered internally at ../aten/src/ATen/native/TensorShape.cpp:3526.)
  return _VF.meshgrid(tensors, **kwargs)  # type: ignore[attr-defined]
2026-04-12 05:32:00,898   INFO  ==> Loading parameters from checkpoint /opt/OpenPCDet/tools/ckpt/pointpillar_7728.pth to GPU
2026-04-12 05:32:00,920   INFO  ==> Done (loaded 127/127)
2026-04-12 05:32:00,929   INFO  memory_opt_conv2d: model.to(memory_format=torch.channels_last)
2026-04-12 05:32:00,930   INFO  Wrapping model with torch.compile()
2026-04-12 05:32:00,932   INFO  Running 500 warmup steps...
/usr/local/lib/python3.11/site-packages/torch/overrides.py:110: UserWarning: 'has_cuda' is deprecated, please use 'torch.backends.cuda.is_built()'
  torch.has_cuda,
/usr/local/lib/python3.11/site-packages/torch/overrides.py:111: UserWarning: 'has_cudnn' is deprecated, please use 'torch.backends.cudnn.is_available()'
  torch.has_cudnn,
/usr/local/lib/python3.11/site-packages/torch/overrides.py:117: UserWarning: 'has_mps' is deprecated, please use 'torch.backends.mps.is_built()'
  torch.has_mps,
/usr/local/lib/python3.11/site-packages/torch/overrides.py:118: UserWarning: 'has_mkldnn' is deprecated, please use 'torch.backends.mkldnn.is_available()'
  torch.has_mkldnn,
/usr/local/lib/python3.11/site-packages/torch/_dynamo/eval_frame.py:412: UserWarning: changing options to `torch.compile()` may require calling `torch._dynamo.reset()` to take effect
  warnings.warn(
/usr/local/lib/python3.11/site-packages/torch/_dynamo/utils.py:1397: UserWarning: The torch.cuda.*DtypeTensor constructors are no longer recommended. It's best to use methods such as torch.tensor(data, dtype=*, device='cuda') to create tensors. (Triggered internally at ../torch/csrc/tensor/python_tensor.cpp:83.)
  return node.target(*args, **kwargs)
/usr/local/lib/python3.11/site-packages/torch/_dynamo/eval_frame.py:412: UserWarning: changing options to `torch.compile()` may require calling `torch._dynamo.reset()` to take effect
  warnings.warn(
/usr/local/lib/python3.11/site-packages/torch/_dynamo/eval_frame.py:412: UserWarning: changing options to `torch.compile()` may require calling `torch._dynamo.reset()` to take effect
  warnings.warn(
/usr/local/lib/python3.11/site-packages/torch/_dynamo/eval_frame.py:412: UserWarning: changing options to `torch.compile()` may require calling `torch._dynamo.reset()` to take effect
  warnings.warn(
/usr/local/lib/python3.11/site-packages/torch/_dynamo/eval_frame.py:412: UserWarning: changing options to `torch.compile()` may require calling `torch._dynamo.reset()` to take effect
  warnings.warn(
/usr/local/lib/python3.11/site-packages/torch/_dynamo/eval_frame.py:412: UserWarning: changing options to `torch.compile()` may require calling `torch._dynamo.reset()` to take effect
  warnings.warn(
/usr/local/lib/python3.11/site-packages/torch/_dynamo/eval_frame.py:412: UserWarning: changing options to `torch.compile()` may require calling `torch._dynamo.reset()` to take effect
  warnings.warn(
/usr/local/lib/python3.11/site-packages/torch/_dynamo/eval_frame.py:412: UserWarning: changing options to `torch.compile()` may require calling `torch._dynamo.reset()` to take effect
  warnings.warn(
/usr/local/lib/python3.11/site-packages/torch/_dynamo/eval_frame.py:412: UserWarning: changing options to `torch.compile()` may require calling `torch._dynamo.reset()` to take effect
  warnings.warn(
/usr/local/lib/python3.11/site-packages/torch/_dynamo/eval_frame.py:412: UserWarning: changing options to `torch.compile()` may require calling `torch._dynamo.reset()` to take effect
  warnings.warn(
/usr/local/lib/python3.11/site-packages/torch/_dynamo/eval_frame.py:412: UserWarning: changing options to `torch.compile()` may require calling `torch._dynamo.reset()` to take effect
  warnings.warn(
/usr/local/lib/python3.11/site-packages/torch/_dynamo/eval_frame.py:412: UserWarning: changing options to `torch.compile()` may require calling `torch._dynamo.reset()` to take effect
  warnings.warn(
/usr/local/lib/python3.11/site-packages/torch/_dynamo/eval_frame.py:412: UserWarning: changing options to `torch.compile()` may require calling `torch._dynamo.reset()` to take effect
  warnings.warn(
/usr/local/lib/python3.11/site-packages/torch/_dynamo/eval_frame.py:412: UserWarning: changing options to `torch.compile()` may require calling `torch._dynamo.reset()` to take effect
  warnings.warn(
/usr/local/lib/python3.11/site-packages/torch/_dynamo/eval_frame.py:412: UserWarning: changing options to `torch.compile()` may require calling `torch._dynamo.reset()` to take effect
  warnings.warn(
/usr/local/lib/python3.11/site-packages/torch/_dynamo/eval_frame.py:412: UserWarning: changing options to `torch.compile()` may require calling `torch._dynamo.reset()` to take effect
  warnings.warn(
/usr/local/lib/python3.11/site-packages/torch/_dynamo/eval_frame.py:412: UserWarning: changing options to `torch.compile()` may require calling `torch._dynamo.reset()` to take effect
  warnings.warn(
/usr/local/lib/python3.11/site-packages/torch/_dynamo/eval_frame.py:412: UserWarning: changing options to `torch.compile()` may require calling `torch._dynamo.reset()` to take effect
  warnings.warn(
/usr/local/lib/python3.11/site-packages/torch/_dynamo/eval_frame.py:412: UserWarning: changing options to `torch.compile()` may require calling `torch._dynamo.reset()` to take effect
  warnings.warn(
/usr/local/lib/python3.11/site-packages/torch/_dynamo/eval_frame.py:412: UserWarning: changing options to `torch.compile()` may require calling `torch._dynamo.reset()` to take effect
  warnings.warn(
/usr/local/lib/python3.11/site-packages/torch/_dynamo/eval_frame.py:412: UserWarning: changing options to `torch.compile()` may require calling `torch._dynamo.reset()` to take effect
  warnings.warn(
/usr/local/lib/python3.11/site-packages/torch/_dynamo/eval_frame.py:412: UserWarning: changing options to `torch.compile()` may require calling `torch._dynamo.reset()` to take effect
  warnings.warn(
/usr/local/lib/python3.11/site-packages/torch/_dynamo/eval_frame.py:412: UserWarning: changing options to `torch.compile()` may require calling `torch._dynamo.reset()` to take effect
  warnings.warn(
/usr/local/lib/python3.11/site-packages/torch/_dynamo/eval_frame.py:412: UserWarning: changing options to `torch.compile()` may require calling `torch._dynamo.reset()` to take effect
  warnings.warn(
/usr/local/lib/python3.11/site-packages/torch/_dynamo/eval_frame.py:412: UserWarning: changing options to `torch.compile()` may require calling `torch._dynamo.reset()` to take effect
  warnings.warn(
/usr/local/lib/python3.11/site-packages/torch/_dynamo/eval_frame.py:412: UserWarning: changing options to `torch.compile()` may require calling `torch._dynamo.reset()` to take effect
  warnings.warn(
/usr/local/lib/python3.11/site-packages/torch/_dynamo/eval_frame.py:412: UserWarning: changing options to `torch.compile()` may require calling `torch._dynamo.reset()` to take effect
  warnings.warn(
/usr/local/lib/python3.11/site-packages/torch/_dynamo/eval_frame.py:412: UserWarning: changing options to `torch.compile()` may require calling `torch._dynamo.reset()` to take effect
  warnings.warn(
/usr/local/lib/python3.11/site-packages/torch/_dynamo/eval_frame.py:412: UserWarning: changing options to `torch.compile()` may require calling `torch._dynamo.reset()` to take effect
  warnings.warn(
/usr/local/lib/python3.11/site-packages/torch/_dynamo/eval_frame.py:412: UserWarning: changing options to `torch.compile()` may require calling `torch._dynamo.reset()` to take effect
  warnings.warn(
/usr/local/lib/python3.11/site-packages/torch/_dynamo/eval_frame.py:412: UserWarning: changing options to `torch.compile()` may require calling `torch._dynamo.reset()` to take effect
  warnings.warn(
/usr/local/lib/python3.11/site-packages/torch/_dynamo/eval_frame.py:412: UserWarning: changing options to `torch.compile()` may require calling `torch._dynamo.reset()` to take effect
  warnings.warn(
/usr/local/lib/python3.11/site-packages/torch/_dynamo/eval_frame.py:412: UserWarning: changing options to `torch.compile()` may require calling `torch._dynamo.reset()` to take effect
  warnings.warn(
/usr/local/lib/python3.11/site-packages/torch/_dynamo/eval_frame.py:412: UserWarning: changing options to `torch.compile()` may require calling `torch._dynamo.reset()` to take effect
  warnings.warn(
/usr/local/lib/python3.11/site-packages/torch/_dynamo/eval_frame.py:412: UserWarning: changing options to `torch.compile()` may require calling `torch._dynamo.reset()` to take effect
  warnings.warn(
/usr/local/lib/python3.11/site-packages/torch/_dynamo/eval_frame.py:412: UserWarning: changing options to `torch.compile()` may require calling `torch._dynamo.reset()` to take effect
  warnings.warn(
/usr/local/lib/python3.11/site-packages/torch/_dynamo/eval_frame.py:412: UserWarning: changing options to `torch.compile()` may require calling `torch._dynamo.reset()` to take effect
  warnings.warn(
/usr/local/lib/python3.11/site-packages/torch/_dynamo/eval_frame.py:412: UserWarning: changing options to `torch.compile()` may require calling `torch._dynamo.reset()` to take effect
  warnings.warn(
/usr/local/lib/python3.11/site-packages/torch/_dynamo/eval_frame.py:412: UserWarning: changing options to `torch.compile()` may require calling `torch._dynamo.reset()` to take effect
  warnings.warn(
/usr/local/lib/python3.11/site-packages/torch/_dynamo/eval_frame.py:412: UserWarning: changing options to `torch.compile()` may require calling `torch._dynamo.reset()` to take effect
  warnings.warn(
/usr/local/lib/python3.11/site-packages/torch/_dynamo/eval_frame.py:412: UserWarning: changing options to `torch.compile()` may require calling `torch._dynamo.reset()` to take effect
  warnings.warn(
/usr/local/lib/python3.11/site-packages/torch/_dynamo/eval_frame.py:412: UserWarning: changing options to `torch.compile()` may require calling `torch._dynamo.reset()` to take effect
  warnings.warn(
/usr/local/lib/python3.11/site-packages/torch/_dynamo/eval_frame.py:412: UserWarning: changing options to `torch.compile()` may require calling `torch._dynamo.reset()` to take effect
  warnings.warn(
/usr/local/lib/python3.11/site-packages/torch/_dynamo/eval_frame.py:412: UserWarning: changing options to `torch.compile()` may require calling `torch._dynamo.reset()` to take effect
  warnings.warn(
/usr/local/lib/python3.11/site-packages/torch/_dynamo/eval_frame.py:412: UserWarning: changing options to `torch.compile()` may require calling `torch._dynamo.reset()` to take effect
  warnings.warn(
/usr/local/lib/python3.11/site-packages/torch/_dynamo/eval_frame.py:412: UserWarning: changing options to `torch.compile()` may require calling `torch._dynamo.reset()` to take effect
  warnings.warn(
/usr/local/lib/python3.11/site-packages/torch/_dynamo/eval_frame.py:412: UserWarning: changing options to `torch.compile()` may require calling `torch._dynamo.reset()` to take effect
  warnings.warn(
/usr/local/lib/python3.11/site-packages/torch/_dynamo/eval_frame.py:412: UserWarning: changing options to `torch.compile()` may require calling `torch._dynamo.reset()` to take effect
  warnings.warn(
/usr/local/lib/python3.11/site-packages/torch/_dynamo/eval_frame.py:412: UserWarning: changing options to `torch.compile()` may require calling `torch._dynamo.reset()` to take effect
  warnings.warn(
/usr/local/lib/python3.11/site-packages/torch/_dynamo/eval_frame.py:412: UserWarning: changing options to `torch.compile()` may require calling `torch._dynamo.reset()` to take effect
  warnings.warn(
/usr/local/lib/python3.11/site-packages/torch/_dynamo/eval_frame.py:412: UserWarning: changing options to `torch.compile()` may require calling `torch._dynamo.reset()` to take effect
  warnings.warn(
/usr/local/lib/python3.11/site-packages/torch/_dynamo/eval_frame.py:412: UserWarning: changing options to `torch.compile()` may require calling `torch._dynamo.reset()` to take effect
  warnings.warn(
/usr/local/lib/python3.11/site-packages/torch/_dynamo/eval_frame.py:412: UserWarning: changing options to `torch.compile()` may require calling `torch._dynamo.reset()` to take effect
  warnings.warn(
/usr/local/lib/python3.11/site-packages/torch/_dynamo/eval_frame.py:412: UserWarning: changing options to `torch.compile()` may require calling `torch._dynamo.reset()` to take effect
  warnings.warn(
/usr/local/lib/python3.11/site-packages/torch/_dynamo/eval_frame.py:412: UserWarning: changing options to `torch.compile()` may require calling `torch._dynamo.reset()` to take effect
  warnings.warn(
/usr/local/lib/python3.11/site-packages/torch/_dynamo/eval_frame.py:412: UserWarning: changing options to `torch.compile()` may require calling `torch._dynamo.reset()` to take effect
  warnings.warn(
/usr/local/lib/python3.11/site-packages/torch/_dynamo/eval_frame.py:412: UserWarning: changing options to `torch.compile()` may require calling `torch._dynamo.reset()` to take effect
  warnings.warn(
/usr/local/lib/python3.11/site-packages/torch/_dynamo/eval_frame.py:412: UserWarning: changing options to `torch.compile()` may require calling `torch._dynamo.reset()` to take effect
  warnings.warn(
/usr/local/lib/python3.11/site-packages/torch/_dynamo/eval_frame.py:412: UserWarning: changing options to `torch.compile()` may require calling `torch._dynamo.reset()` to take effect
  warnings.warn(
/usr/local/lib/python3.11/site-packages/torch/_dynamo/eval_frame.py:412: UserWarning: changing options to `torch.compile()` may require calling `torch._dynamo.reset()` to take effect
  warnings.warn(
/usr/local/lib/python3.11/site-packages/torch/_dynamo/eval_frame.py:412: UserWarning: changing options to `torch.compile()` may require calling `torch._dynamo.reset()` to take effect
  warnings.warn(
/usr/local/lib/python3.11/site-packages/torch/_dynamo/eval_frame.py:412: UserWarning: changing options to `torch.compile()` may require calling `torch._dynamo.reset()` to take effect
  warnings.warn(
/usr/local/lib/python3.11/site-packages/torch/_dynamo/eval_frame.py:412: UserWarning: changing options to `torch.compile()` may require calling `torch._dynamo.reset()` to take effect
  warnings.warn(
/usr/local/lib/python3.11/site-packages/torch/_dynamo/eval_frame.py:412: UserWarning: changing options to `torch.compile()` may require calling `torch._dynamo.reset()` to take effect
  warnings.warn(
/usr/local/lib/python3.11/site-packages/torch/_dynamo/eval_frame.py:412: UserWarning: changing options to `torch.compile()` may require calling `torch._dynamo.reset()` to take effect
  warnings.warn(
[2026-04-12 05:34:08,667] torch._dynamo.convert_frame: [WARNING] torch._dynamo hit config.cache_size_limit (64)
[2026-04-12 05:34:08,667] torch._dynamo.convert_frame: [WARNING]    function: '<resume in generate_recall_record>' (/opt/OpenPCDet/tools/../pcdet/models/detectors/detector3d_template.py:302)
[2026-04-12 05:34:08,667] torch._dynamo.convert_frame: [WARNING] to diagnose recompilation issues, set env variable TORCHDYNAMO_REPORT_GUARD_FAILURES=1 and also see https://pytorch.org/docs/master/compile/troubleshooting.html.
[2026-04-12 05:34:08,669] torch._dynamo.convert_frame: [WARNING] torch._dynamo hit config.cache_size_limit (64)
[2026-04-12 05:34:08,669] torch._dynamo.convert_frame: [WARNING]    function: 'boxes_iou3d_gpu' (/opt/OpenPCDet/tools/../pcdet/ops/iou3d_nms/iou3d_nms_utils.py:48)
[2026-04-12 05:34:08,669] torch._dynamo.convert_frame: [WARNING] to diagnose recompilation issues, set env variable TORCHDYNAMO_REPORT_GUARD_FAILURES=1 and also see https://pytorch.org/docs/master/compile/troubleshooting.html.
2026-04-12 05:34:16,849   INFO  Measurement burn-in: 100 steps (before profiler loop)
2026-04-12 05:34:18,811   INFO  Profiling 200 steps...
2026-04-12 05:34:23,010   INFO  Chrome trace skipped (MLS_PROFILE_NO_TORCH_PROFILER=1; avoids CUPTI conflict with nsys)
2026-04-12 05:34:23,013   INFO  Nsight: run e.g. nsys profile -o trace python profile_suite.py ... --nsight (same args)
2026-04-12 05:34:23,017   INFO  ======================================================================
2026-04-12 05:34:23,017   INFO    PointPillars Profile Suite — 2026-04-12 05:34:23
2026-04-12 05:34:23,017   INFO  ======================================================================
2026-04-12 05:34:23,018   INFO    Config  : /opt/OpenPCDet/tools/cfgs/kitti_models/pointpillar.yaml
2026-04-12 05:34:23,018   INFO    Ckpt    : /opt/OpenPCDet/tools/ckpt/pointpillar_7728.pth
2026-04-12 05:34:23,018   INFO    Compile : True
2026-04-12 05:34:23,018   INFO    AMP (fp16): True
2026-04-12 05:34:23,018   INFO    Memory opt scatter (HWC write): True
2026-04-12 05:34:23,019   INFO    Memory opt conv2d (channels_last): True
2026-04-12 05:34:23,019   INFO    Preprocess GPU (voxelize on GPU): True
2026-04-12 05:34:23,019   INFO    Compile voxelizer: True
2026-04-12 05:34:23,019   INFO    INT8    : False  (CPU dynamic Linear PTQ if true)
2026-04-12 05:34:23,019   INFO    Traced  : none
2026-04-12 05:34:23,020   INFO    Nsight NVTX: True
2026-04-12 05:34:23,020   INFO    Warmup  : 500 steps   Measured: 200 steps   Batch: 1   Meas. burn-in: 100
2026-04-12 05:34:23,020   INFO  
2026-04-12 05:34:23,020   INFO  ── Per-stage latency (mean / p50 / p95 / p99 / std) [ms] ─────────────
2026-04-12 05:34:23,020   INFO  Stage                   mean         p50         p95         p99         std
2026-04-12 05:34:23,021   INFO  ----------------------------------------------------------------------------
2026-04-12 05:34:23,021   INFO  read_points (excl.T_rt)        8.27        8.17        8.65       10.00        1.82
2026-04-12 05:34:23,021   INFO  cpu_prepare             0.72        0.72        0.78        0.80        0.05
2026-04-12 05:34:23,021   INFO  data_to_gpu             0.18        0.18        0.22        0.25        0.02
2026-04-12 05:34:23,021   INFO  pre_processing          1.69        1.67        1.79        2.49        0.13
2026-04-12 05:34:23,022   INFO  h2d (load rest)         0.12        0.12        0.14        0.15        0.01
2026-04-12 05:34:23,022   INFO  Forward (GPU)           9.21        8.79       10.54       22.92        2.43
2026-04-12 05:34:23,022   INFO  PostProcess             0.46        0.45        0.51        0.54        0.08
2026-04-12 05:34:23,022   INFO  ── Onboard frame ──        9.92        9.48       11.28       23.63        2.44
2026-04-12 05:34:23,022   INFO  ── T_rt (onboard) ──       12.39       11.96       13.87       25.93        2.45
2026-04-12 05:34:23,022   INFO  
2026-04-12 05:34:23,023   INFO  ── Throughput & Memory ─────────────────────────────────────────
2026-04-12 05:34:23,023   INFO    Throughput         : 80.7 samples/s  (batch=1, mean T_rt=12.39 ms)
2026-04-12 05:34:23,023   INFO    Peak GPU Memory    : 5723.0 MB  (NMS/recall on GPU; backbone mostly CPU when INT8)
2026-04-12 05:34:23,023   INFO    Peak GPU Mem (steady): 5723.0 MB  (steps with forward <= 200.0 ms)
2026-04-12 05:34:23,023   INFO    Mean peak per step : 5042.4 MB
2026-04-12 05:34:23,024   INFO    CUDA kernel events : 0
2026-04-12 05:34:23,024   INFO    T_rt mean (onboard, excl. read_points): 12.39 ms
2026-04-12 05:34:23,024   INFO  
2026-04-12 05:34:23,024   INFO  ── Outputs ──────────────────────────────────────────────────────
2026-04-12 05:34:23,024   INFO    Chrome trace       : /__modal/volumes/vo-IonADsHkUVjfGkodF5a2qa/modal_v2_h100/M4_AMP/profile/torch_profile_trace.json
2026-04-12 05:34:23,025   INFO    Summary            : /__modal/volumes/vo-IonADsHkUVjfGkodF5a2qa/modal_v2_h100/M4_AMP/profile/profile_summary.txt
2026-04-12 05:34:23,025   INFO  ======================================================================
2026-04-12 05:34:23,026   INFO  Forward module stage timing saved → /__modal/volumes/vo-IonADsHkUVjfGkodF5a2qa/modal_v2_h100/M4_AMP/profile/forward_module_stage_ms.json
FATAL ERROR: /dvs/p4/build/sw/devtools/Agora/Rel/QuadD_CTK/QuadD/Common/GpuTraits/Src/GpuTicksConverter.cpp(376): Throw in function QuadDCommon::TimestampType GpuTraits::GpuTicksConverter::ConvertToCpuTime(const QuadDCommon::Uuid&, uint64_t&) const
Dynamic exception type: boost::wrapexcept<QuadDCommon::NotFoundException>
std::exception::what: NotFoundException
[QuadDCommon::tag_message*] = No GPU associated to the given UUID

Generating '/tmp/nsys-report-30f8.qdstrm'
