2026-04-12 02:04:00,648   INFO  Profile suite — output dir: /__modal/volumes/vo-IonADsHkUVjfGkodF5a2qa/modal_v2_t4/M3_AMP/profile
2026-04-12 02:04:00,653   INFO  Loading KITTI dataset
2026-04-12 02:04:01,045   INFO  Total samples for KITTI dataset: 7481
2026-04-12 02:04:01,046   INFO  Using GPU voxelization profiling path (inference.py-aligned); see --preprocess_gpu
/usr/local/lib/python3.11/site-packages/torch/functional.py:504: UserWarning: torch.meshgrid: in an upcoming release, it will be required to pass the indexing argument. (Triggered internally at ../aten/src/ATen/native/TensorShape.cpp:3526.)
  return _VF.meshgrid(tensors, **kwargs)  # type: ignore[attr-defined]
2026-04-12 02:04:01,953   INFO  ==> Loading parameters from checkpoint /opt/OpenPCDet/tools/ckpt/pointpillar_7728.pth to GPU
2026-04-12 02:04:01,985   INFO  ==> Done (loaded 127/127)
2026-04-12 02:04:01,999   INFO  Running 500 warmup steps...
/opt/OpenPCDet/tools/../pcdet/ops/iou3d_nms/iou3d_nms_utils.py:66: UserWarning: The torch.cuda.*DtypeTensor constructors are no longer recommended. It's best to use methods such as torch.tensor(data, dtype=*, device='cuda') to create tensors. (Triggered internally at ../torch/csrc/tensor/python_tensor.cpp:83.)
  overlaps_bev = torch.cuda.FloatTensor(torch.Size((boxes_a.shape[0], boxes_b.shape[0]))).zero_()  # (N, M)
2026-04-12 02:04:24,889   INFO  Measurement burn-in: 100 steps (before profiler loop)
2026-04-12 02:04:29,550   INFO  Profiling 200 steps...
2026-04-12 02:04:38,395   INFO  Chrome trace skipped (MLS_PROFILE_NO_TORCH_PROFILER=1; avoids CUPTI conflict with nsys)
2026-04-12 02:04:38,400   INFO  Nsight: run e.g. nsys profile -o trace python profile_suite.py ... --nsight (same args)
2026-04-12 02:04:38,406   INFO  ======================================================================
2026-04-12 02:04:38,407   INFO    PointPillars Profile Suite — 2026-04-12 02:04:38
2026-04-12 02:04:38,407   INFO  ======================================================================
2026-04-12 02:04:38,407   INFO    Config  : /opt/OpenPCDet/tools/cfgs/kitti_models/pointpillar.yaml
2026-04-12 02:04:38,408   INFO    Ckpt    : /opt/OpenPCDet/tools/ckpt/pointpillar_7728.pth
2026-04-12 02:04:38,408   INFO    Compile : False
2026-04-12 02:04:38,408   INFO    AMP (fp16): True
2026-04-12 02:04:38,408   INFO    Memory opt scatter (HWC write): False
2026-04-12 02:04:38,409   INFO    Memory opt conv2d (channels_last): False
2026-04-12 02:04:38,409   INFO    Preprocess GPU (voxelize on GPU): True
2026-04-12 02:04:38,409   INFO    Compile voxelizer: False
2026-04-12 02:04:38,409   INFO    INT8    : False  (CPU dynamic Linear PTQ if true)
2026-04-12 02:04:38,410   INFO    Traced  : none
2026-04-12 02:04:38,410   INFO    Nsight NVTX: True
2026-04-12 02:04:38,410   INFO    Warmup  : 500 steps   Measured: 200 steps   Batch: 1   Meas. burn-in: 100
2026-04-12 02:04:38,410   INFO  
2026-04-12 02:04:38,411   INFO  ── Per-stage latency (mean / p50 / p95 / p99 / std) [ms] ─────────────
2026-04-12 02:04:38,411   INFO  Stage                   mean         p50         p95         p99         std
2026-04-12 02:04:38,411   INFO  ----------------------------------------------------------------------------
2026-04-12 02:04:38,411   INFO  read_points (excl.T_rt)        9.81        9.40       11.90       15.99        2.03
2026-04-12 02:04:38,412   INFO  cpu_prepare             0.83        0.81        0.93        1.16        0.09
2026-04-12 02:04:38,412   INFO  data_to_gpu             0.33        0.33        0.38        0.58        0.05
2026-04-12 02:04:38,412   INFO  pre_processing          3.38        3.29        3.85        5.79        0.44
2026-04-12 02:04:38,412   INFO  h2d (load rest)         0.19        0.18        0.20        0.31        0.02
2026-04-12 02:04:38,412   INFO  Forward (GPU)          28.53       28.41       30.52       34.82        1.53
2026-04-12 02:04:38,413   INFO  PostProcess             0.73        0.71        0.80        0.89        0.15
2026-04-12 02:04:38,413   INFO  ── Onboard frame ──       29.63       29.47       31.70       36.17        1.60
2026-04-12 02:04:38,413   INFO  ── T_rt (onboard) ──       33.98       33.72       36.54       40.88        1.86
2026-04-12 02:04:38,413   INFO  
2026-04-12 02:04:38,414   INFO  ── Throughput & Memory ─────────────────────────────────────────
2026-04-12 02:04:38,414   INFO    Throughput         : 29.4 samples/s  (batch=1, mean T_rt=33.98 ms)
2026-04-12 02:04:38,414   INFO    Peak GPU Memory    : 182.4 MB  (NMS/recall on GPU; backbone mostly CPU when INT8)
2026-04-12 02:04:38,414   INFO    Peak GPU Mem (steady): 182.4 MB  (no forward spike filter)
2026-04-12 02:04:38,415   INFO    Mean peak per step : 182.0 MB
2026-04-12 02:04:38,415   INFO    CUDA kernel events : 0
2026-04-12 02:04:38,415   INFO    T_rt mean (onboard, excl. read_points): 33.98 ms
2026-04-12 02:04:38,415   INFO  
2026-04-12 02:04:38,416   INFO  ── Outputs ──────────────────────────────────────────────────────
2026-04-12 02:04:38,416   INFO    Chrome trace       : /__modal/volumes/vo-IonADsHkUVjfGkodF5a2qa/modal_v2_t4/M3_AMP/profile/torch_profile_trace.json
2026-04-12 02:04:38,416   INFO    Summary            : /__modal/volumes/vo-IonADsHkUVjfGkodF5a2qa/modal_v2_t4/M3_AMP/profile/profile_summary.txt
2026-04-12 02:04:38,417   INFO  ======================================================================
2026-04-12 02:04:38,418   INFO  Forward module stage timing saved → /__modal/volumes/vo-IonADsHkUVjfGkodF5a2qa/modal_v2_t4/M3_AMP/profile/forward_module_stage_ms.json
FATAL ERROR: /dvs/p4/build/sw/devtools/Agora/Rel/QuadD_CTK/QuadD/Common/GpuTraits/Src/GpuTicksConverter.cpp(376): Throw in function QuadDCommon::TimestampType GpuTraits::GpuTicksConverter::ConvertToCpuTime(const QuadDCommon::Uuid&, uint64_t&) const
Dynamic exception type: boost::wrapexcept<QuadDCommon::NotFoundException>
std::exception::what: NotFoundException
[QuadDCommon::tag_message*] = No GPU associated to the given UUID

Generating '/tmp/nsys-report-1c27.qdstrm'
