2026-04-12 01:35:00,322   INFO  Profile suite — output dir: /__modal/volumes/vo-IonADsHkUVjfGkodF5a2qa/modal_v2_t4/M2_AMP_mem_scatter/profile
2026-04-12 01:35:00,324   INFO  Loading KITTI dataset
2026-04-12 01:35:00,599   INFO  Total samples for KITTI dataset: 7481
/usr/local/lib/python3.11/site-packages/torch/functional.py:504: UserWarning: torch.meshgrid: in an upcoming release, it will be required to pass the indexing argument. (Triggered internally at ../aten/src/ATen/native/TensorShape.cpp:3526.)
  return _VF.meshgrid(tensors, **kwargs)  # type: ignore[attr-defined]
2026-04-12 01:35:01,653   INFO  ==> Loading parameters from checkpoint /opt/OpenPCDet/tools/ckpt/pointpillar_7728.pth to GPU
2026-04-12 01:35:01,683   INFO  ==> Done (loaded 127/127)
2026-04-12 01:35:01,696   INFO  Running 500 warmup steps...
/opt/OpenPCDet/tools/../pcdet/ops/iou3d_nms/iou3d_nms_utils.py:66: UserWarning: The torch.cuda.*DtypeTensor constructors are no longer recommended. It's best to use methods such as torch.tensor(data, dtype=*, device='cuda') to create tensors. (Triggered internally at ../torch/csrc/tensor/python_tensor.cpp:83.)
  overlaps_bev = torch.cuda.FloatTensor(torch.Size((boxes_a.shape[0], boxes_b.shape[0]))).zero_()  # (N, M)
2026-04-12 01:35:37,635   INFO  Measurement burn-in: 100 steps (before profiler loop)
2026-04-12 01:35:44,976   INFO  Profiling 200 steps (KITTI RT CPU stages)...
2026-04-12 01:36:00,461   INFO  Chrome trace skipped (MLS_PROFILE_NO_TORCH_PROFILER=1; avoids CUPTI conflict with nsys)
2026-04-12 01:36:00,466   INFO  Nsight: run e.g. nsys profile -o trace python profile_suite.py ... --nsight (same args)
2026-04-12 01:36:00,470   INFO  ======================================================================
2026-04-12 01:36:00,470   INFO    PointPillars Profile Suite — 2026-04-12 01:36:00
2026-04-12 01:36:00,471   INFO  ======================================================================
2026-04-12 01:36:00,471   INFO    Config  : /opt/OpenPCDet/tools/cfgs/kitti_models/pointpillar.yaml
2026-04-12 01:36:00,471   INFO    Ckpt    : /opt/OpenPCDet/tools/ckpt/pointpillar_7728.pth
2026-04-12 01:36:00,472   INFO    Compile : False
2026-04-12 01:36:00,472   INFO    AMP (fp16): True
2026-04-12 01:36:00,472   INFO    Memory opt scatter (HWC write): True
2026-04-12 01:36:00,473   INFO    Memory opt conv2d (channels_last): False
2026-04-12 01:36:00,473   INFO    Preprocess GPU (voxelize on GPU): False
2026-04-12 01:36:00,473   INFO    Compile voxelizer: False
2026-04-12 01:36:00,473   INFO    INT8    : False  (CPU dynamic Linear PTQ if true)
2026-04-12 01:36:00,474   INFO    Traced  : none
2026-04-12 01:36:00,474   INFO    Nsight NVTX: True
2026-04-12 01:36:00,474   INFO    Warmup  : 500 steps   Measured: 200 steps   Batch: 1   Meas. burn-in: 100
2026-04-12 01:36:00,474   INFO  
2026-04-12 01:36:00,475   INFO  ── Per-stage latency (mean / p50 / p95 / p99 / std) [ms] ─────────────
2026-04-12 01:36:00,475   INFO  Stage                   mean         p50         p95         p99         std
2026-04-12 01:36:00,475   INFO  ----------------------------------------------------------------------------
2026-04-12 01:36:00,475   INFO  read_points (excl.T_rt)       12.82       10.45       24.09       38.22        6.81
2026-04-12 01:36:00,476   INFO  pre_processing         22.62       22.31       31.36       41.17        5.33
2026-04-12 01:36:00,476   INFO  data_to_gpu             1.28        1.27        1.59        1.73        0.36
2026-04-12 01:36:00,476   INFO  Forward (GPU)          39.44       38.72       44.52       49.23        2.74
2026-04-12 01:36:00,477   INFO  PostProcess             0.76        0.71        0.94        1.27        0.12
2026-04-12 01:36:00,477   INFO  ── Onboard frame ──       41.72       41.00       47.11       52.17        2.88
2026-04-12 01:36:00,478   INFO  ── T_rt (onboard) ──       64.10       63.74       76.34       85.67        7.18
2026-04-12 01:36:00,478   INFO  
2026-04-12 01:36:00,478   INFO  ── Throughput & Memory ─────────────────────────────────────────
2026-04-12 01:36:00,479   INFO    Throughput         : 15.6 samples/s  (batch=1, mean T_rt=64.10 ms)
2026-04-12 01:36:00,479   INFO    Peak GPU Memory    : 183.2 MB  (NMS/recall on GPU; backbone mostly CPU when INT8)
2026-04-12 01:36:00,479   INFO    Peak GPU Mem (steady): 183.2 MB  (no forward spike filter)
2026-04-12 01:36:00,480   INFO    Mean peak per step : 183.2 MB
2026-04-12 01:36:00,480   INFO    CUDA kernel events : 0
2026-04-12 01:36:00,480   INFO    T_rt mean (onboard, excl. read_points): 64.10 ms
2026-04-12 01:36:00,481   INFO  
2026-04-12 01:36:00,481   INFO  ── Outputs ──────────────────────────────────────────────────────
2026-04-12 01:36:00,481   INFO    Chrome trace       : /__modal/volumes/vo-IonADsHkUVjfGkodF5a2qa/modal_v2_t4/M2_AMP_mem_scatter/profile/torch_profile_trace.json
2026-04-12 01:36:00,482   INFO    Summary            : /__modal/volumes/vo-IonADsHkUVjfGkodF5a2qa/modal_v2_t4/M2_AMP_mem_scatter/profile/profile_summary.txt
2026-04-12 01:36:00,482   INFO  ======================================================================
2026-04-12 01:36:00,483   INFO  Forward module stage timing saved → /__modal/volumes/vo-IonADsHkUVjfGkodF5a2qa/modal_v2_t4/M2_AMP_mem_scatter/profile/forward_module_stage_ms.json
FATAL ERROR: /dvs/p4/build/sw/devtools/Agora/Rel/QuadD_CTK/QuadD/Common/GpuTraits/Src/GpuTicksConverter.cpp(376): Throw in function QuadDCommon::TimestampType GpuTraits::GpuTicksConverter::ConvertToCpuTime(const QuadDCommon::Uuid&, uint64_t&) const
Dynamic exception type: boost::wrapexcept<QuadDCommon::NotFoundException>
std::exception::what: NotFoundException
[QuadDCommon::tag_message*] = No GPU associated to the given UUID

Generating '/tmp/nsys-report-a90f.qdstrm'
