2026-04-11 20:20:15,653   INFO  Profile suite — output dir: /__modal/volumes/vo-IonADsHkUVjfGkodF5a2qa/modal_v2/research_matrix/M2_FP32_mem_conv2d/profile
2026-04-11 20:20:15,654   INFO  Loading KITTI dataset
2026-04-11 20:20:15,843   INFO  Total samples for KITTI dataset: 7481
/usr/local/lib/python3.11/site-packages/torch/functional.py:504: UserWarning: torch.meshgrid: in an upcoming release, it will be required to pass the indexing argument. (Triggered internally at ../aten/src/ATen/native/TensorShape.cpp:3526.)
  return _VF.meshgrid(tensors, **kwargs)  # type: ignore[attr-defined]
2026-04-11 20:20:16,299   INFO  ==> Loading parameters from checkpoint /opt/OpenPCDet/tools/ckpt/pointpillar_7728.pth to GPU
2026-04-11 20:20:16,321   INFO  ==> Done (loaded 127/127)
2026-04-11 20:20:16,328   INFO  memory_opt_conv2d: model.to(memory_format=torch.channels_last)
2026-04-11 20:20:16,330   INFO  Running 500 warmup steps...
/opt/OpenPCDet/tools/../pcdet/ops/iou3d_nms/iou3d_nms_utils.py:66: UserWarning: The torch.cuda.*DtypeTensor constructors are no longer recommended. It's best to use methods such as torch.tensor(data, dtype=*, device='cuda') to create tensors. (Triggered internally at ../torch/csrc/tensor/python_tensor.cpp:83.)
  overlaps_bev = torch.cuda.FloatTensor(torch.Size((boxes_a.shape[0], boxes_b.shape[0]))).zero_()  # (N, M)
2026-04-11 20:20:38,563   INFO  Measurement burn-in: 100 steps (before profiler loop)
2026-04-11 20:20:42,879   INFO  Profiling 200 steps (KITTI RT CPU stages)...
2026-04-11 20:20:51,745   INFO  Chrome trace skipped (MLS_PROFILE_NO_TORCH_PROFILER=1; avoids CUPTI conflict with nsys)
2026-04-11 20:20:51,748   INFO  Nsight: run e.g. nsys profile -o trace python profile_suite.py ... --nsight (same args)
2026-04-11 20:20:51,751   INFO  ======================================================================
2026-04-11 20:20:51,751   INFO    PointPillars Profile Suite — 2026-04-11 20:20:51
2026-04-11 20:20:51,752   INFO  ======================================================================
2026-04-11 20:20:51,752   INFO    Config  : /opt/OpenPCDet/tools/cfgs/kitti_models/pointpillar.yaml
2026-04-11 20:20:51,752   INFO    Ckpt    : /opt/OpenPCDet/tools/ckpt/pointpillar_7728.pth
2026-04-11 20:20:51,752   INFO    Compile : False
2026-04-11 20:20:51,753   INFO    AMP (fp16): False
2026-04-11 20:20:51,753   INFO    Memory opt scatter (HWC write): False
2026-04-11 20:20:51,753   INFO    Memory opt conv2d (channels_last): True
2026-04-11 20:20:51,753   INFO    Preprocess GPU (voxelize on GPU): False
2026-04-11 20:20:51,753   INFO    Compile voxelizer: False
2026-04-11 20:20:51,753   INFO    INT8    : False  (CPU dynamic Linear PTQ if true)
2026-04-11 20:20:51,754   INFO    Traced  : none
2026-04-11 20:20:51,754   INFO    Nsight NVTX: True
2026-04-11 20:20:51,754   INFO    Warmup  : 500 steps   Measured: 200 steps   Batch: 1   Meas. burn-in: 100
2026-04-11 20:20:51,754   INFO  
2026-04-11 20:20:51,754   INFO  ── Per-stage latency (mean / p50 / p95 / p99 / std) [ms] ─────────────
2026-04-11 20:20:51,754   INFO  Stage                   mean         p50         p95         p99         std
2026-04-11 20:20:51,755   INFO  ----------------------------------------------------------------------------
2026-04-11 20:20:51,755   INFO  read_points (excl.T_rt)        7.17        7.11        7.81        9.08        0.63
2026-04-11 20:20:51,755   INFO  pre_processing         16.68       16.69       22.08       24.15        3.54
2026-04-11 20:20:51,755   INFO  data_to_gpu             0.70        0.70        0.85        0.92        0.10
2026-04-11 20:20:51,755   INFO  Forward (GPU)          18.95       18.98       19.59       19.90        0.41
2026-04-11 20:20:51,755   INFO  PostProcess             0.50        0.50        0.54        0.56        0.03
2026-04-11 20:20:51,756   INFO  ── Onboard frame ──       20.31       20.34       21.11       21.43        0.51
2026-04-11 20:20:51,756   INFO  ── T_rt (onboard) ──       36.82       36.90       43.04       45.17        3.96
2026-04-11 20:20:51,756   INFO  
2026-04-11 20:20:51,756   INFO  ── Throughput & Memory ─────────────────────────────────────────
2026-04-11 20:20:51,756   INFO    Throughput         : 27.2 samples/s  (batch=1, mean T_rt=36.82 ms)
2026-04-11 20:20:51,756   INFO    Peak GPU Memory    : 293.3 MB  (NMS/recall on GPU; backbone mostly CPU when INT8)
2026-04-11 20:20:51,756   INFO    Peak GPU Mem (steady): 293.3 MB  (no forward spike filter)
2026-04-11 20:20:51,757   INFO    Mean peak per step : 293.3 MB
2026-04-11 20:20:51,757   INFO    CUDA kernel events : 0
2026-04-11 20:20:51,757   INFO    T_rt mean (onboard, excl. read_points): 36.82 ms
2026-04-11 20:20:51,757   INFO  
2026-04-11 20:20:51,757   INFO  ── Outputs ──────────────────────────────────────────────────────
2026-04-11 20:20:51,757   INFO    Chrome trace       : /__modal/volumes/vo-IonADsHkUVjfGkodF5a2qa/modal_v2/research_matrix/M2_FP32_mem_conv2d/profile/torch_profile_trace.json
2026-04-11 20:20:51,757   INFO    Summary            : /__modal/volumes/vo-IonADsHkUVjfGkodF5a2qa/modal_v2/research_matrix/M2_FP32_mem_conv2d/profile/profile_summary.txt
2026-04-11 20:20:51,758   INFO  ======================================================================
2026-04-11 20:20:51,758   INFO  Forward module stage timing saved → /__modal/volumes/vo-IonADsHkUVjfGkodF5a2qa/modal_v2/research_matrix/M2_FP32_mem_conv2d/profile/forward_module_stage_ms.json
FATAL ERROR: /dvs/p4/build/sw/devtools/Agora/Rel/QuadD_CTK/QuadD/Common/GpuTraits/Src/GpuTicksConverter.cpp(376): Throw in function QuadDCommon::TimestampType GpuTraits::GpuTicksConverter::ConvertToCpuTime(const QuadDCommon::Uuid&, uint64_t&) const
Dynamic exception type: boost::wrapexcept<QuadDCommon::NotFoundException>
std::exception::what: NotFoundException
[QuadDCommon::tag_message*] = No GPU associated to the given UUID

Generating '/tmp/nsys-report-6bec.qdstrm'
