2026-04-12 01:48:18,139   INFO  Profile suite — output dir: /__modal/volumes/vo-IonADsHkUVjfGkodF5a2qa/modal_v2_t4/M2_AMP_mem_both/profile
2026-04-12 01:48:18,140   INFO  Loading KITTI dataset
2026-04-12 01:48:18,400   INFO  Total samples for KITTI dataset: 7481
/usr/local/lib/python3.11/site-packages/torch/functional.py:504: UserWarning: torch.meshgrid: in an upcoming release, it will be required to pass the indexing argument. (Triggered internally at ../aten/src/ATen/native/TensorShape.cpp:3526.)
  return _VF.meshgrid(tensors, **kwargs)  # type: ignore[attr-defined]
2026-04-12 01:48:19,181   INFO  ==> Loading parameters from checkpoint /opt/OpenPCDet/tools/ckpt/pointpillar_7728.pth to GPU
2026-04-12 01:48:19,209   INFO  ==> Done (loaded 127/127)
2026-04-12 01:48:19,232   INFO  memory_opt_conv2d: model.to(memory_format=torch.channels_last)
2026-04-12 01:48:19,234   INFO  Running 500 warmup steps...
/opt/OpenPCDet/tools/../pcdet/ops/iou3d_nms/iou3d_nms_utils.py:66: UserWarning: The torch.cuda.*DtypeTensor constructors are no longer recommended. It's best to use methods such as torch.tensor(data, dtype=*, device='cuda') to create tensors. (Triggered internally at ../torch/csrc/tensor/python_tensor.cpp:83.)
  overlaps_bev = torch.cuda.FloatTensor(torch.Size((boxes_a.shape[0], boxes_b.shape[0]))).zero_()  # (N, M)
2026-04-12 01:48:53,926   INFO  Measurement burn-in: 100 steps (before profiler loop)
2026-04-12 01:49:00,748   INFO  Profiling 200 steps (KITTI RT CPU stages)...
2026-04-12 01:49:14,833   INFO  Chrome trace skipped (MLS_PROFILE_NO_TORCH_PROFILER=1; avoids CUPTI conflict with nsys)
2026-04-12 01:49:14,836   INFO  Nsight: run e.g. nsys profile -o trace python profile_suite.py ... --nsight (same args)
2026-04-12 01:49:14,841   INFO  ======================================================================
2026-04-12 01:49:14,841   INFO    PointPillars Profile Suite — 2026-04-12 01:49:14
2026-04-12 01:49:14,841   INFO  ======================================================================
2026-04-12 01:49:14,842   INFO    Config  : /opt/OpenPCDet/tools/cfgs/kitti_models/pointpillar.yaml
2026-04-12 01:49:14,842   INFO    Ckpt    : /opt/OpenPCDet/tools/ckpt/pointpillar_7728.pth
2026-04-12 01:49:14,842   INFO    Compile : False
2026-04-12 01:49:14,842   INFO    AMP (fp16): True
2026-04-12 01:49:14,843   INFO    Memory opt scatter (HWC write): True
2026-04-12 01:49:14,843   INFO    Memory opt conv2d (channels_last): True
2026-04-12 01:49:14,843   INFO    Preprocess GPU (voxelize on GPU): False
2026-04-12 01:49:14,843   INFO    Compile voxelizer: False
2026-04-12 01:49:14,843   INFO    INT8    : False  (CPU dynamic Linear PTQ if true)
2026-04-12 01:49:14,844   INFO    Traced  : none
2026-04-12 01:49:14,844   INFO    Nsight NVTX: True
2026-04-12 01:49:14,844   INFO    Warmup  : 500 steps   Measured: 200 steps   Batch: 1   Meas. burn-in: 100
2026-04-12 01:49:14,844   INFO  
2026-04-12 01:49:14,845   INFO  ── Per-stage latency (mean / p50 / p95 / p99 / std) [ms] ─────────────
2026-04-12 01:49:14,845   INFO  Stage                   mean         p50         p95         p99         std
2026-04-12 01:49:14,845   INFO  ----------------------------------------------------------------------------
2026-04-12 01:49:14,845   INFO  read_points (excl.T_rt)        9.45        9.17       11.01       16.77        1.70
2026-04-12 01:49:14,845   INFO  pre_processing         21.42       21.28       28.53       29.69        4.54
2026-04-12 01:49:14,846   INFO  data_to_gpu             1.24        1.22        1.48        1.64        0.18
2026-04-12 01:49:14,846   INFO  Forward (GPU)          37.14       37.05       39.45       41.52        1.22
2026-04-12 01:49:14,846   INFO  PostProcess             0.70        0.68        0.83        0.97        0.08
2026-04-12 01:49:14,846   INFO  ── Onboard frame ──       39.31       39.29       41.90       44.00        1.34
2026-04-12 01:49:14,847   INFO  ── T_rt (onboard) ──       60.51       60.59       68.79       70.83        5.39
2026-04-12 01:49:14,847   INFO  
2026-04-12 01:49:14,847   INFO  ── Throughput & Memory ─────────────────────────────────────────
2026-04-12 01:49:14,847   INFO    Throughput         : 16.5 samples/s  (batch=1, mean T_rt=60.51 ms)
2026-04-12 01:49:14,848   INFO    Peak GPU Memory    : 183.4 MB  (NMS/recall on GPU; backbone mostly CPU when INT8)
2026-04-12 01:49:14,848   INFO    Peak GPU Mem (steady): 183.4 MB  (no forward spike filter)
2026-04-12 01:49:14,848   INFO    Mean peak per step : 183.4 MB
2026-04-12 01:49:14,848   INFO    CUDA kernel events : 0
2026-04-12 01:49:14,849   INFO    T_rt mean (onboard, excl. read_points): 60.51 ms
2026-04-12 01:49:14,849   INFO  
2026-04-12 01:49:14,849   INFO  ── Outputs ──────────────────────────────────────────────────────
2026-04-12 01:49:14,849   INFO    Chrome trace       : /__modal/volumes/vo-IonADsHkUVjfGkodF5a2qa/modal_v2_t4/M2_AMP_mem_both/profile/torch_profile_trace.json
2026-04-12 01:49:14,850   INFO    Summary            : /__modal/volumes/vo-IonADsHkUVjfGkodF5a2qa/modal_v2_t4/M2_AMP_mem_both/profile/profile_summary.txt
2026-04-12 01:49:14,850   INFO  ======================================================================
2026-04-12 01:49:14,851   INFO  Forward module stage timing saved → /__modal/volumes/vo-IonADsHkUVjfGkodF5a2qa/modal_v2_t4/M2_AMP_mem_both/profile/forward_module_stage_ms.json
FATAL ERROR: /dvs/p4/build/sw/devtools/Agora/Rel/QuadD_CTK/QuadD/Common/GpuTraits/Src/GpuTicksConverter.cpp(376): Throw in function QuadDCommon::TimestampType GpuTraits::GpuTicksConverter::ConvertToCpuTime(const QuadDCommon::Uuid&, uint64_t&) const
Dynamic exception type: boost::wrapexcept<QuadDCommon::NotFoundException>
std::exception::what: NotFoundException
[QuadDCommon::tag_message*] = No GPU associated to the given UUID

Generating '/tmp/nsys-report-254e.qdstrm'
