2026-04-11 19:55:22,148   INFO  Profile suite — output dir: /__modal/volumes/vo-IonADsHkUVjfGkodF5a2qa/modal_v2/research_matrix/M0_AMP/profile
2026-04-11 19:55:22,149   INFO  Loading KITTI dataset
2026-04-11 19:55:22,370   INFO  Total samples for KITTI dataset: 7481
/usr/local/lib/python3.11/site-packages/torch/functional.py:504: UserWarning: torch.meshgrid: in an upcoming release, it will be required to pass the indexing argument. (Triggered internally at ../aten/src/ATen/native/TensorShape.cpp:3526.)
  return _VF.meshgrid(tensors, **kwargs)  # type: ignore[attr-defined]
2026-04-11 19:55:23,030   INFO  ==> Loading parameters from checkpoint /opt/OpenPCDet/tools/ckpt/pointpillar_7728.pth to GPU
2026-04-11 19:55:23,054   INFO  ==> Done (loaded 127/127)
2026-04-11 19:55:23,062   INFO  Running 500 warmup steps...
/opt/OpenPCDet/tools/../pcdet/ops/iou3d_nms/iou3d_nms_utils.py:66: UserWarning: The torch.cuda.*DtypeTensor constructors are no longer recommended. It's best to use methods such as torch.tensor(data, dtype=*, device='cuda') to create tensors. (Triggered internally at ../torch/csrc/tensor/python_tensor.cpp:83.)
  overlaps_bev = torch.cuda.FloatTensor(torch.Size((boxes_a.shape[0], boxes_b.shape[0]))).zero_()  # (N, M)
2026-04-11 19:55:43,890   INFO  Measurement burn-in: 100 steps (before profiler loop)
2026-04-11 19:55:47,866   INFO  Profiling 200 steps (KITTI RT CPU stages)...
2026-04-11 19:55:56,054   INFO  Chrome trace skipped (MLS_PROFILE_NO_TORCH_PROFILER=1; avoids CUPTI conflict with nsys)
2026-04-11 19:55:56,056   INFO  Nsight: run e.g. nsys profile -o trace python profile_suite.py ... --nsight (same args)
2026-04-11 19:55:56,060   INFO  ======================================================================
2026-04-11 19:55:56,060   INFO    PointPillars Profile Suite — 2026-04-11 19:55:56
2026-04-11 19:55:56,060   INFO  ======================================================================
2026-04-11 19:55:56,060   INFO    Config  : /opt/OpenPCDet/tools/cfgs/kitti_models/pointpillar.yaml
2026-04-11 19:55:56,060   INFO    Ckpt    : /opt/OpenPCDet/tools/ckpt/pointpillar_7728.pth
2026-04-11 19:55:56,061   INFO    Compile : False
2026-04-11 19:55:56,061   INFO    AMP (fp16): True
2026-04-11 19:55:56,061   INFO    Memory opt scatter (HWC write): False
2026-04-11 19:55:56,061   INFO    Memory opt conv2d (channels_last): False
2026-04-11 19:55:56,061   INFO    Preprocess GPU (voxelize on GPU): False
2026-04-11 19:55:56,061   INFO    Compile voxelizer: False
2026-04-11 19:55:56,062   INFO    INT8    : False  (CPU dynamic Linear PTQ if true)
2026-04-11 19:55:56,062   INFO    Traced  : none
2026-04-11 19:55:56,062   INFO    Nsight NVTX: True
2026-04-11 19:55:56,062   INFO    Warmup  : 500 steps   Measured: 200 steps   Batch: 1   Meas. burn-in: 100
2026-04-11 19:55:56,062   INFO  
2026-04-11 19:55:56,062   INFO  ── Per-stage latency (mean / p50 / p95 / p99 / std) [ms] ─────────────
2026-04-11 19:55:56,063   INFO  Stage                   mean         p50         p95         p99         std
2026-04-11 19:55:56,063   INFO  ----------------------------------------------------------------------------
2026-04-11 19:55:56,063   INFO  read_points (excl.T_rt)        7.05        6.96        7.59        8.73        0.82
2026-04-11 19:55:56,063   INFO  pre_processing         16.48       16.46       21.86       23.16        3.45
2026-04-11 19:55:56,063   INFO  data_to_gpu             0.66        0.66        0.82        0.87        0.10
2026-04-11 19:55:56,063   INFO  Forward (GPU)          15.95       15.99       16.56       16.95        0.45
2026-04-11 19:55:56,063   INFO  PostProcess             0.47        0.47        0.52        0.55        0.04
2026-04-11 19:55:56,063   INFO  ── Onboard frame ──       17.23       17.28       18.04       18.47        0.57
2026-04-11 19:55:56,064   INFO  ── T_rt (onboard) ──       33.56       33.73       39.57       41.04        3.85
2026-04-11 19:55:56,064   INFO  
2026-04-11 19:55:56,064   INFO  ── Throughput & Memory ─────────────────────────────────────────
2026-04-11 19:55:56,064   INFO    Throughput         : 29.8 samples/s  (batch=1, mean T_rt=33.56 ms)
2026-04-11 19:55:56,064   INFO    Peak GPU Memory    : 265.0 MB  (NMS/recall on GPU; backbone mostly CPU when INT8)
2026-04-11 19:55:56,064   INFO    Peak GPU Mem (steady): 265.0 MB  (no forward spike filter)
2026-04-11 19:55:56,064   INFO    Mean peak per step : 264.9 MB
2026-04-11 19:55:56,065   INFO    CUDA kernel events : 0
2026-04-11 19:55:56,065   INFO    T_rt mean (onboard, excl. read_points): 33.56 ms
2026-04-11 19:55:56,065   INFO  
2026-04-11 19:55:56,065   INFO  ── Outputs ──────────────────────────────────────────────────────
2026-04-11 19:55:56,065   INFO    Chrome trace       : /__modal/volumes/vo-IonADsHkUVjfGkodF5a2qa/modal_v2/research_matrix/M0_AMP/profile/torch_profile_trace.json
2026-04-11 19:55:56,065   INFO    Summary            : /__modal/volumes/vo-IonADsHkUVjfGkodF5a2qa/modal_v2/research_matrix/M0_AMP/profile/profile_summary.txt
2026-04-11 19:55:56,066   INFO  ======================================================================
2026-04-11 19:55:56,066   INFO  Forward module stage timing saved → /__modal/volumes/vo-IonADsHkUVjfGkodF5a2qa/modal_v2/research_matrix/M0_AMP/profile/forward_module_stage_ms.json
FATAL ERROR: /dvs/p4/build/sw/devtools/Agora/Rel/QuadD_CTK/QuadD/Common/GpuTraits/Src/GpuTicksConverter.cpp(376): Throw in function QuadDCommon::TimestampType GpuTraits::GpuTicksConverter::ConvertToCpuTime(const QuadDCommon::Uuid&, uint64_t&) const
Dynamic exception type: boost::wrapexcept<QuadDCommon::NotFoundException>
std::exception::what: NotFoundException
[QuadDCommon::tag_message*] = No GPU associated to the given UUID

Generating '/tmp/nsys-report-7939.qdstrm'
