2026-04-11 20:38:27,240   INFO  Profile suite — output dir: /__modal/volumes/vo-IonADsHkUVjfGkodF5a2qa/modal_v2/research_matrix/M2_AMP_mem_both/profile
2026-04-11 20:38:27,241   INFO  Loading KITTI dataset
2026-04-11 20:38:27,455   INFO  Total samples for KITTI dataset: 7481
/usr/local/lib/python3.11/site-packages/torch/functional.py:504: UserWarning: torch.meshgrid: in an upcoming release, it will be required to pass the indexing argument. (Triggered internally at ../aten/src/ATen/native/TensorShape.cpp:3526.)
  return _VF.meshgrid(tensors, **kwargs)  # type: ignore[attr-defined]
2026-04-11 20:38:28,055   INFO  ==> Loading parameters from checkpoint /opt/OpenPCDet/tools/ckpt/pointpillar_7728.pth to GPU
2026-04-11 20:38:28,079   INFO  ==> Done (loaded 127/127)
2026-04-11 20:38:28,086   INFO  memory_opt_conv2d: model.to(memory_format=torch.channels_last)
2026-04-11 20:38:28,088   INFO  Running 500 warmup steps...
/opt/OpenPCDet/tools/../pcdet/ops/iou3d_nms/iou3d_nms_utils.py:66: UserWarning: The torch.cuda.*DtypeTensor constructors are no longer recommended. It's best to use methods such as torch.tensor(data, dtype=*, device='cuda') to create tensors. (Triggered internally at ../torch/csrc/tensor/python_tensor.cpp:83.)
  overlaps_bev = torch.cuda.FloatTensor(torch.Size((boxes_a.shape[0], boxes_b.shape[0]))).zero_()  # (N, M)
2026-04-11 20:38:49,183   INFO  Measurement burn-in: 100 steps (before profiler loop)
2026-04-11 20:38:53,268   INFO  Profiling 200 steps (KITTI RT CPU stages)...
2026-04-11 20:39:01,802   INFO  Chrome trace skipped (MLS_PROFILE_NO_TORCH_PROFILER=1; avoids CUPTI conflict with nsys)
2026-04-11 20:39:01,805   INFO  Nsight: run e.g. nsys profile -o trace python profile_suite.py ... --nsight (same args)
2026-04-11 20:39:01,808   INFO  ======================================================================
2026-04-11 20:39:01,808   INFO    PointPillars Profile Suite — 2026-04-11 20:39:01
2026-04-11 20:39:01,808   INFO  ======================================================================
2026-04-11 20:39:01,809   INFO    Config  : /opt/OpenPCDet/tools/cfgs/kitti_models/pointpillar.yaml
2026-04-11 20:39:01,809   INFO    Ckpt    : /opt/OpenPCDet/tools/ckpt/pointpillar_7728.pth
2026-04-11 20:39:01,809   INFO    Compile : False
2026-04-11 20:39:01,809   INFO    AMP (fp16): True
2026-04-11 20:39:01,809   INFO    Memory opt scatter (HWC write): True
2026-04-11 20:39:01,809   INFO    Memory opt conv2d (channels_last): True
2026-04-11 20:39:01,810   INFO    Preprocess GPU (voxelize on GPU): False
2026-04-11 20:39:01,810   INFO    Compile voxelizer: False
2026-04-11 20:39:01,810   INFO    INT8    : False  (CPU dynamic Linear PTQ if true)
2026-04-11 20:39:01,810   INFO    Traced  : none
2026-04-11 20:39:01,810   INFO    Nsight NVTX: True
2026-04-11 20:39:01,810   INFO    Warmup  : 500 steps   Measured: 200 steps   Batch: 1   Meas. burn-in: 100
2026-04-11 20:39:01,811   INFO  
2026-04-11 20:39:01,811   INFO  ── Per-stage latency (mean / p50 / p95 / p99 / std) [ms] ─────────────
2026-04-11 20:39:01,811   INFO  Stage                   mean         p50         p95         p99         std
2026-04-11 20:39:01,811   INFO  ----------------------------------------------------------------------------
2026-04-11 20:39:01,811   INFO  read_points (excl.T_rt)        7.42        7.16        8.18       13.36        1.53
2026-04-11 20:39:01,811   INFO  pre_processing         16.65       16.62       22.26       23.43        3.53
2026-04-11 20:39:01,811   INFO  data_to_gpu             0.73        0.73        0.88        0.91        0.10
2026-04-11 20:39:01,812   INFO  Forward (GPU)          17.00       17.01       17.61       17.92        0.34
2026-04-11 20:39:01,812   INFO  PostProcess             0.51        0.51        0.55        0.60        0.04
2026-04-11 20:39:01,812   INFO  ── Onboard frame ──       18.42       18.44       19.22       19.38        0.44
2026-04-11 20:39:01,812   INFO  ── T_rt (onboard) ──       34.89       34.92       40.79       42.07        3.85
2026-04-11 20:39:01,812   INFO  
2026-04-11 20:39:01,812   INFO  ── Throughput & Memory ─────────────────────────────────────────
2026-04-11 20:39:01,812   INFO    Throughput         : 28.7 samples/s  (batch=1, mean T_rt=34.89 ms)
2026-04-11 20:39:01,812   INFO    Peak GPU Memory    : 183.4 MB  (NMS/recall on GPU; backbone mostly CPU when INT8)
2026-04-11 20:39:01,813   INFO    Peak GPU Mem (steady): 183.4 MB  (no forward spike filter)
2026-04-11 20:39:01,813   INFO    Mean peak per step : 183.4 MB
2026-04-11 20:39:01,813   INFO    CUDA kernel events : 0
2026-04-11 20:39:01,813   INFO    T_rt mean (onboard, excl. read_points): 34.89 ms
2026-04-11 20:39:01,813   INFO  
2026-04-11 20:39:01,813   INFO  ── Outputs ──────────────────────────────────────────────────────
2026-04-11 20:39:01,813   INFO    Chrome trace       : /__modal/volumes/vo-IonADsHkUVjfGkodF5a2qa/modal_v2/research_matrix/M2_AMP_mem_both/profile/torch_profile_trace.json
2026-04-11 20:39:01,814   INFO    Summary            : /__modal/volumes/vo-IonADsHkUVjfGkodF5a2qa/modal_v2/research_matrix/M2_AMP_mem_both/profile/profile_summary.txt
2026-04-11 20:39:01,814   INFO  ======================================================================
2026-04-11 20:39:01,814   INFO  Forward module stage timing saved → /__modal/volumes/vo-IonADsHkUVjfGkodF5a2qa/modal_v2/research_matrix/M2_AMP_mem_both/profile/forward_module_stage_ms.json
FATAL ERROR: /dvs/p4/build/sw/devtools/Agora/Rel/QuadD_CTK/QuadD/Common/GpuTraits/Src/GpuTicksConverter.cpp(376): Throw in function QuadDCommon::TimestampType GpuTraits::GpuTicksConverter::ConvertToCpuTime(const QuadDCommon::Uuid&, uint64_t&) const
Dynamic exception type: boost::wrapexcept<QuadDCommon::NotFoundException>
std::exception::what: NotFoundException
[QuadDCommon::tag_message*] = No GPU associated to the given UUID

Generating '/tmp/nsys-report-c998.qdstrm'
