2026-04-12 01:09:26,693   INFO  Profile suite — output dir: /__modal/volumes/vo-IonADsHkUVjfGkodF5a2qa/modal_v2_t4/M2_FP32_mem_scatter/profile
2026-04-12 01:09:26,693   INFO  Loading KITTI dataset
2026-04-12 01:09:26,982   INFO  Total samples for KITTI dataset: 7481
/usr/local/lib/python3.11/site-packages/torch/functional.py:504: UserWarning: torch.meshgrid: in an upcoming release, it will be required to pass the indexing argument. (Triggered internally at ../aten/src/ATen/native/TensorShape.cpp:3526.)
  return _VF.meshgrid(tensors, **kwargs)  # type: ignore[attr-defined]
2026-04-12 01:09:28,136   INFO  ==> Loading parameters from checkpoint /opt/OpenPCDet/tools/ckpt/pointpillar_7728.pth to GPU
2026-04-12 01:09:28,168   INFO  ==> Done (loaded 127/127)
2026-04-12 01:09:28,182   INFO  Running 500 warmup steps...
/opt/OpenPCDet/tools/../pcdet/ops/iou3d_nms/iou3d_nms_utils.py:66: UserWarning: The torch.cuda.*DtypeTensor constructors are no longer recommended. It's best to use methods such as torch.tensor(data, dtype=*, device='cuda') to create tensors. (Triggered internally at ../torch/csrc/tensor/python_tensor.cpp:83.)
  overlaps_bev = torch.cuda.FloatTensor(torch.Size((boxes_a.shape[0], boxes_b.shape[0]))).zero_()  # (N, M)
2026-04-12 01:10:03,573   INFO  Measurement burn-in: 100 steps (before profiler loop)
2026-04-12 01:10:10,423   INFO  Profiling 200 steps (KITTI RT CPU stages)...
2026-04-12 01:10:24,544   INFO  Chrome trace skipped (MLS_PROFILE_NO_TORCH_PROFILER=1; avoids CUPTI conflict with nsys)
2026-04-12 01:10:24,549   INFO  Nsight: run e.g. nsys profile -o trace python profile_suite.py ... --nsight (same args)
2026-04-12 01:10:24,553   INFO  ======================================================================
2026-04-12 01:10:24,553   INFO    PointPillars Profile Suite — 2026-04-12 01:10:24
2026-04-12 01:10:24,554   INFO  ======================================================================
2026-04-12 01:10:24,554   INFO    Config  : /opt/OpenPCDet/tools/cfgs/kitti_models/pointpillar.yaml
2026-04-12 01:10:24,554   INFO    Ckpt    : /opt/OpenPCDet/tools/ckpt/pointpillar_7728.pth
2026-04-12 01:10:24,554   INFO    Compile : False
2026-04-12 01:10:24,555   INFO    AMP (fp16): False
2026-04-12 01:10:24,555   INFO    Memory opt scatter (HWC write): True
2026-04-12 01:10:24,555   INFO    Memory opt conv2d (channels_last): False
2026-04-12 01:10:24,556   INFO    Preprocess GPU (voxelize on GPU): False
2026-04-12 01:10:24,556   INFO    Compile voxelizer: False
2026-04-12 01:10:24,556   INFO    INT8    : False  (CPU dynamic Linear PTQ if true)
2026-04-12 01:10:24,556   INFO    Traced  : none
2026-04-12 01:10:24,557   INFO    Nsight NVTX: True
2026-04-12 01:10:24,557   INFO    Warmup  : 500 steps   Measured: 200 steps   Batch: 1   Meas. burn-in: 100
2026-04-12 01:10:24,557   INFO  
2026-04-12 01:10:24,557   INFO  ── Per-stage latency (mean / p50 / p95 / p99 / std) [ms] ─────────────
2026-04-12 01:10:24,558   INFO  Stage                   mean         p50         p95         p99         std
2026-04-12 01:10:24,558   INFO  ----------------------------------------------------------------------------
2026-04-12 01:10:24,558   INFO  read_points (excl.T_rt)        9.54        9.06       11.85       18.48        2.81
2026-04-12 01:10:24,558   INFO  pre_processing         21.21       21.28       28.50       30.32        4.50
2026-04-12 01:10:24,559   INFO  data_to_gpu             1.24        1.22        1.51        1.63        0.18
2026-04-12 01:10:24,559   INFO  Forward (GPU)          37.47       37.40       38.76       41.16        0.86
2026-04-12 01:10:24,559   INFO  PostProcess             0.70        0.69        0.77        0.82        0.04
2026-04-12 01:10:24,559   INFO  ── Onboard frame ──       39.62       39.60       41.20       43.53        1.00
2026-04-12 01:10:24,560   INFO  ── T_rt (onboard) ──       60.61       60.67       68.95       71.97        5.31
2026-04-12 01:10:24,560   INFO  
2026-04-12 01:10:24,560   INFO  ── Throughput & Memory ─────────────────────────────────────────
2026-04-12 01:10:24,560   INFO    Throughput         : 16.5 samples/s  (batch=1, mean T_rt=60.61 ms)
2026-04-12 01:10:24,561   INFO    Peak GPU Memory    : 331.3 MB  (NMS/recall on GPU; backbone mostly CPU when INT8)
2026-04-12 01:10:24,561   INFO    Peak GPU Mem (steady): 331.3 MB  (no forward spike filter)
2026-04-12 01:10:24,561   INFO    Mean peak per step : 331.3 MB
2026-04-12 01:10:24,561   INFO    CUDA kernel events : 0
2026-04-12 01:10:24,562   INFO    T_rt mean (onboard, excl. read_points): 60.61 ms
2026-04-12 01:10:24,562   INFO  
2026-04-12 01:10:24,562   INFO  ── Outputs ──────────────────────────────────────────────────────
2026-04-12 01:10:24,563   INFO    Chrome trace       : /__modal/volumes/vo-IonADsHkUVjfGkodF5a2qa/modal_v2_t4/M2_FP32_mem_scatter/profile/torch_profile_trace.json
2026-04-12 01:10:24,563   INFO    Summary            : /__modal/volumes/vo-IonADsHkUVjfGkodF5a2qa/modal_v2_t4/M2_FP32_mem_scatter/profile/profile_summary.txt
2026-04-12 01:10:24,563   INFO  ======================================================================
2026-04-12 01:10:24,564   INFO  Forward module stage timing saved → /__modal/volumes/vo-IonADsHkUVjfGkodF5a2qa/modal_v2_t4/M2_FP32_mem_scatter/profile/forward_module_stage_ms.json
FATAL ERROR: /dvs/p4/build/sw/devtools/Agora/Rel/QuadD_CTK/QuadD/Common/GpuTraits/Src/GpuTicksConverter.cpp(376): Throw in function QuadDCommon::TimestampType GpuTraits::GpuTicksConverter::ConvertToCpuTime(const QuadDCommon::Uuid&, uint64_t&) const
Dynamic exception type: boost::wrapexcept<QuadDCommon::NotFoundException>
std::exception::what: NotFoundException
[QuadDCommon::tag_message*] = No GPU associated to the given UUID

Generating '/tmp/nsys-report-2265.qdstrm'
