2026-04-12 04:20:59,698   INFO  Profile suite — output dir: /__modal/volumes/vo-IonADsHkUVjfGkodF5a2qa/modal_v2_h100/M0_FP32/profile
2026-04-12 04:20:59,699   INFO  Loading KITTI dataset
2026-04-12 04:20:59,975   INFO  Total samples for KITTI dataset: 7481
/usr/local/lib/python3.11/site-packages/torch/functional.py:504: UserWarning: torch.meshgrid: in an upcoming release, it will be required to pass the indexing argument. (Triggered internally at ../aten/src/ATen/native/TensorShape.cpp:3526.)
  return _VF.meshgrid(tensors, **kwargs)  # type: ignore[attr-defined]
2026-04-12 04:21:01,046   INFO  ==> Loading parameters from checkpoint /opt/OpenPCDet/tools/ckpt/pointpillar_7728.pth to GPU
2026-04-12 04:21:01,076   INFO  ==> Done (loaded 127/127)
2026-04-12 04:21:01,086   INFO  Running 500 warmup steps...
/opt/OpenPCDet/tools/../pcdet/ops/iou3d_nms/iou3d_nms_utils.py:66: UserWarning: The torch.cuda.*DtypeTensor constructors are no longer recommended. It's best to use methods such as torch.tensor(data, dtype=*, device='cuda') to create tensors. (Triggered internally at ../torch/csrc/tensor/python_tensor.cpp:83.)
  overlaps_bev = torch.cuda.FloatTensor(torch.Size((boxes_a.shape[0], boxes_b.shape[0]))).zero_()  # (N, M)
2026-04-12 04:21:33,493   INFO  Measurement burn-in: 100 steps (before profiler loop)
2026-04-12 04:21:37,106   INFO  Profiling 200 steps (KITTI RT CPU stages)...
2026-04-12 04:21:44,715   INFO  Chrome trace skipped (MLS_PROFILE_NO_TORCH_PROFILER=1; avoids CUPTI conflict with nsys)
2026-04-12 04:21:44,719   INFO  Nsight: run e.g. nsys profile -o trace python profile_suite.py ... --nsight (same args)
2026-04-12 04:21:44,722   INFO  ======================================================================
2026-04-12 04:21:44,722   INFO    PointPillars Profile Suite — 2026-04-12 04:21:44
2026-04-12 04:21:44,722   INFO  ======================================================================
2026-04-12 04:21:44,723   INFO    Config  : /opt/OpenPCDet/tools/cfgs/kitti_models/pointpillar.yaml
2026-04-12 04:21:44,723   INFO    Ckpt    : /opt/OpenPCDet/tools/ckpt/pointpillar_7728.pth
2026-04-12 04:21:44,723   INFO    Compile : False
2026-04-12 04:21:44,723   INFO    AMP (fp16): False
2026-04-12 04:21:44,723   INFO    Memory opt scatter (HWC write): False
2026-04-12 04:21:44,724   INFO    Memory opt conv2d (channels_last): False
2026-04-12 04:21:44,724   INFO    Preprocess GPU (voxelize on GPU): False
2026-04-12 04:21:44,724   INFO    Compile voxelizer: False
2026-04-12 04:21:44,724   INFO    INT8    : False  (CPU dynamic Linear PTQ if true)
2026-04-12 04:21:44,724   INFO    Traced  : none
2026-04-12 04:21:44,725   INFO    Nsight NVTX: True
2026-04-12 04:21:44,725   INFO    Warmup  : 500 steps   Measured: 200 steps   Batch: 1   Meas. burn-in: 100
2026-04-12 04:21:44,725   INFO  
2026-04-12 04:21:44,725   INFO  ── Per-stage latency (mean / p50 / p95 / p99 / std) [ms] ─────────────
2026-04-12 04:21:44,725   INFO  Stage                   mean         p50         p95         p99         std
2026-04-12 04:21:44,725   INFO  ----------------------------------------------------------------------------
2026-04-12 04:21:44,726   INFO  read_points (excl.T_rt)        9.15        8.87        9.49       14.06        2.82
2026-04-12 04:21:44,726   INFO  pre_processing         14.94       14.95       19.27       20.35        2.74
2026-04-12 04:21:44,726   INFO  data_to_gpu             0.87        0.87        1.09        1.13        0.13
2026-04-12 04:21:44,726   INFO  Forward (GPU)          12.07       12.04       12.55       13.07        0.31
2026-04-12 04:21:44,726   INFO  PostProcess             0.56        0.54        0.63        0.66        0.05
2026-04-12 04:21:44,727   INFO  ── Onboard frame ──       13.73       13.71       14.33       14.98        0.43
2026-04-12 04:21:44,727   INFO  ── T_rt (onboard) ──       28.44       28.38       33.05       34.29        3.00
2026-04-12 04:21:44,727   INFO  
2026-04-12 04:21:44,727   INFO  ── Throughput & Memory ─────────────────────────────────────────
2026-04-12 04:21:44,727   INFO    Throughput         : 35.2 samples/s  (batch=1, mean T_rt=28.44 ms)
2026-04-12 04:21:44,727   INFO    Peak GPU Memory    : 355.8 MB  (NMS/recall on GPU; backbone mostly CPU when INT8)
2026-04-12 04:21:44,728   INFO    Peak GPU Mem (steady): 355.8 MB  (no forward spike filter)
2026-04-12 04:21:44,728   INFO    Mean peak per step : 355.8 MB
2026-04-12 04:21:44,728   INFO    CUDA kernel events : 0
2026-04-12 04:21:44,728   INFO    T_rt mean (onboard, excl. read_points): 28.44 ms
2026-04-12 04:21:44,728   INFO  
2026-04-12 04:21:44,729   INFO  ── Outputs ──────────────────────────────────────────────────────
2026-04-12 04:21:44,729   INFO    Chrome trace       : /__modal/volumes/vo-IonADsHkUVjfGkodF5a2qa/modal_v2_h100/M0_FP32/profile/torch_profile_trace.json
2026-04-12 04:21:44,729   INFO    Summary            : /__modal/volumes/vo-IonADsHkUVjfGkodF5a2qa/modal_v2_h100/M0_FP32/profile/profile_summary.txt
2026-04-12 04:21:44,729   INFO  ======================================================================
2026-04-12 04:21:44,730   INFO  Forward module stage timing saved → /__modal/volumes/vo-IonADsHkUVjfGkodF5a2qa/modal_v2_h100/M0_FP32/profile/forward_module_stage_ms.json
FATAL ERROR: /dvs/p4/build/sw/devtools/Agora/Rel/QuadD_CTK/QuadD/Common/GpuTraits/Src/GpuTicksConverter.cpp(376): Throw in function QuadDCommon::TimestampType GpuTraits::GpuTicksConverter::ConvertToCpuTime(const QuadDCommon::Uuid&, uint64_t&) const
Dynamic exception type: boost::wrapexcept<QuadDCommon::NotFoundException>
std::exception::what: NotFoundException
[QuadDCommon::tag_message*] = No GPU associated to the given UUID

Generating '/tmp/nsys-report-c8d1.qdstrm'
