2026-04-12 00:37:29,758   INFO  Profile suite — output dir: /__modal/volumes/vo-IonADsHkUVjfGkodF5a2qa/modal_v2_t4/M0_AMP/profile
2026-04-12 00:37:29,759   INFO  Loading KITTI dataset
2026-04-12 00:37:30,088   INFO  Total samples for KITTI dataset: 7481
/usr/local/lib/python3.11/site-packages/torch/functional.py:504: UserWarning: torch.meshgrid: in an upcoming release, it will be required to pass the indexing argument. (Triggered internally at ../aten/src/ATen/native/TensorShape.cpp:3526.)
  return _VF.meshgrid(tensors, **kwargs)  # type: ignore[attr-defined]
2026-04-12 00:37:31,152   INFO  ==> Loading parameters from checkpoint /opt/OpenPCDet/tools/ckpt/pointpillar_7728.pth to GPU
2026-04-12 00:37:31,185   INFO  ==> Done (loaded 127/127)
2026-04-12 00:37:31,206   INFO  Running 500 warmup steps...
/opt/OpenPCDet/tools/../pcdet/ops/iou3d_nms/iou3d_nms_utils.py:66: UserWarning: The torch.cuda.*DtypeTensor constructors are no longer recommended. It's best to use methods such as torch.tensor(data, dtype=*, device='cuda') to create tensors. (Triggered internally at ../torch/csrc/tensor/python_tensor.cpp:83.)
  overlaps_bev = torch.cuda.FloatTensor(torch.Size((boxes_a.shape[0], boxes_b.shape[0]))).zero_()  # (N, M)
2026-04-12 00:38:07,762   INFO  Measurement burn-in: 100 steps (before profiler loop)
2026-04-12 00:38:14,729   INFO  Profiling 200 steps (KITTI RT CPU stages)...
2026-04-12 00:38:29,121   INFO  Chrome trace skipped (MLS_PROFILE_NO_TORCH_PROFILER=1; avoids CUPTI conflict with nsys)
2026-04-12 00:38:29,125   INFO  Nsight: run e.g. nsys profile -o trace python profile_suite.py ... --nsight (same args)
2026-04-12 00:38:29,130   INFO  ======================================================================
2026-04-12 00:38:29,131   INFO    PointPillars Profile Suite — 2026-04-12 00:38:29
2026-04-12 00:38:29,131   INFO  ======================================================================
2026-04-12 00:38:29,132   INFO    Config  : /opt/OpenPCDet/tools/cfgs/kitti_models/pointpillar.yaml
2026-04-12 00:38:29,132   INFO    Ckpt    : /opt/OpenPCDet/tools/ckpt/pointpillar_7728.pth
2026-04-12 00:38:29,132   INFO    Compile : False
2026-04-12 00:38:29,133   INFO    AMP (fp16): True
2026-04-12 00:38:29,133   INFO    Memory opt scatter (HWC write): False
2026-04-12 00:38:29,134   INFO    Memory opt conv2d (channels_last): False
2026-04-12 00:38:29,137   INFO    Preprocess GPU (voxelize on GPU): False
2026-04-12 00:38:29,138   INFO    Compile voxelizer: False
2026-04-12 00:38:29,138   INFO    INT8    : False  (CPU dynamic Linear PTQ if true)
2026-04-12 00:38:29,139   INFO    Traced  : none
2026-04-12 00:38:29,139   INFO    Nsight NVTX: True
2026-04-12 00:38:29,143   INFO    Warmup  : 500 steps   Measured: 200 steps   Batch: 1   Meas. burn-in: 100
2026-04-12 00:38:29,144   INFO  
2026-04-12 00:38:29,145   INFO  ── Per-stage latency (mean / p50 / p95 / p99 / std) [ms] ─────────────
2026-04-12 00:38:29,145   INFO  Stage                   mean         p50         p95         p99         std
2026-04-12 00:38:29,146   INFO  ----------------------------------------------------------------------------
2026-04-12 00:38:29,146   INFO  read_points (excl.T_rt)       11.65       10.18       17.40       32.55        4.34
2026-04-12 00:38:29,147   INFO  pre_processing         22.67       23.00       29.82       38.30        5.16
2026-04-12 00:38:29,147   INFO  data_to_gpu             1.35        1.30        1.57        3.96        0.47
2026-04-12 00:38:29,148   INFO  Forward (GPU)          35.08       34.77       37.70       43.61        1.90
2026-04-12 00:38:29,149   INFO  PostProcess             0.72        0.71        0.76        0.95        0.09
2026-04-12 00:38:29,150   INFO  ── Onboard frame ──       37.39       37.10       40.68       47.15        2.10
2026-04-12 00:38:29,151   INFO  ── T_rt (onboard) ──       59.82       59.96       70.26       80.92        6.50
2026-04-12 00:38:29,151   INFO  
2026-04-12 00:38:29,151   INFO  ── Throughput & Memory ─────────────────────────────────────────
2026-04-12 00:38:29,152   INFO    Throughput         : 16.7 samples/s  (batch=1, mean T_rt=59.82 ms)
2026-04-12 00:38:29,153   INFO    Peak GPU Memory    : 183.2 MB  (NMS/recall on GPU; backbone mostly CPU when INT8)
2026-04-12 00:38:29,153   INFO    Peak GPU Mem (steady): 183.2 MB  (no forward spike filter)
2026-04-12 00:38:29,153   INFO    Mean peak per step : 183.2 MB
2026-04-12 00:38:29,154   INFO    CUDA kernel events : 0
2026-04-12 00:38:29,154   INFO    T_rt mean (onboard, excl. read_points): 59.82 ms
2026-04-12 00:38:29,155   INFO  
2026-04-12 00:38:29,155   INFO  ── Outputs ──────────────────────────────────────────────────────
2026-04-12 00:38:29,158   INFO    Chrome trace       : /__modal/volumes/vo-IonADsHkUVjfGkodF5a2qa/modal_v2_t4/M0_AMP/profile/torch_profile_trace.json
2026-04-12 00:38:29,159   INFO    Summary            : /__modal/volumes/vo-IonADsHkUVjfGkodF5a2qa/modal_v2_t4/M0_AMP/profile/profile_summary.txt
2026-04-12 00:38:29,159   INFO  ======================================================================
2026-04-12 00:38:29,161   INFO  Forward module stage timing saved → /__modal/volumes/vo-IonADsHkUVjfGkodF5a2qa/modal_v2_t4/M0_AMP/profile/forward_module_stage_ms.json
FATAL ERROR: /dvs/p4/build/sw/devtools/Agora/Rel/QuadD_CTK/QuadD/Common/GpuTraits/Src/GpuTicksConverter.cpp(376): Throw in function QuadDCommon::TimestampType GpuTraits::GpuTicksConverter::ConvertToCpuTime(const QuadDCommon::Uuid&, uint64_t&) const
Dynamic exception type: boost::wrapexcept<QuadDCommon::NotFoundException>
std::exception::what: NotFoundException
[QuadDCommon::tag_message*] = No GPU associated to the given UUID

Generating '/tmp/nsys-report-3dab.qdstrm'
