2026-04-12 00:44:34,450   INFO  Profile suite — output dir: /__modal/volumes/vo-IonADsHkUVjfGkodF5a2qa/modal_v2_t4/M1_FP32/profile
2026-04-12 00:44:34,452   INFO  Loading KITTI dataset
2026-04-12 00:44:34,856   INFO  Total samples for KITTI dataset: 7481
/usr/local/lib/python3.11/site-packages/torch/functional.py:504: UserWarning: torch.meshgrid: in an upcoming release, it will be required to pass the indexing argument. (Triggered internally at ../aten/src/ATen/native/TensorShape.cpp:3526.)
  return _VF.meshgrid(tensors, **kwargs)  # type: ignore[attr-defined]
2026-04-12 00:44:35,883   INFO  ==> Loading parameters from checkpoint /opt/OpenPCDet/tools/ckpt/pointpillar_7728.pth to GPU
2026-04-12 00:44:35,918   INFO  ==> Done (loaded 127/127)
2026-04-12 00:44:35,934   INFO  Wrapping model with torch.compile()
2026-04-12 00:44:38,647   INFO  Running 500 warmup steps...
/usr/local/lib/python3.11/site-packages/torch/_dynamo/utils.py:1397: UserWarning: The torch.cuda.*DtypeTensor constructors are no longer recommended. It's best to use methods such as torch.tensor(data, dtype=*, device='cuda') to create tensors. (Triggered internally at ../torch/csrc/tensor/python_tensor.cpp:83.)
  return node.target(*args, **kwargs)
[2026-04-12 00:48:22,618] torch._dynamo.convert_frame: [WARNING] torch._dynamo hit config.cache_size_limit (64)
[2026-04-12 00:48:22,618] torch._dynamo.convert_frame: [WARNING]    function: '<resume in generate_recall_record>' (/opt/OpenPCDet/tools/../pcdet/models/detectors/detector3d_template.py:302)
[2026-04-12 00:48:22,618] torch._dynamo.convert_frame: [WARNING] to diagnose recompilation issues, set env variable TORCHDYNAMO_REPORT_GUARD_FAILURES=1 and also see https://pytorch.org/docs/master/compile/troubleshooting.html.
[2026-04-12 00:48:22,620] torch._dynamo.convert_frame: [WARNING] torch._dynamo hit config.cache_size_limit (64)
[2026-04-12 00:48:22,620] torch._dynamo.convert_frame: [WARNING]    function: 'boxes_iou3d_gpu' (/opt/OpenPCDet/tools/../pcdet/ops/iou3d_nms/iou3d_nms_utils.py:48)
[2026-04-12 00:48:22,620] torch._dynamo.convert_frame: [WARNING] to diagnose recompilation issues, set env variable TORCHDYNAMO_REPORT_GUARD_FAILURES=1 and also see https://pytorch.org/docs/master/compile/troubleshooting.html.
2026-04-12 00:48:55,532   INFO  Measurement burn-in: 100 steps (before profiler loop)
2026-04-12 00:49:02,474   INFO  Profiling 200 steps (KITTI RT CPU stages)...
2026-04-12 00:49:17,102   INFO  Chrome trace skipped (MLS_PROFILE_NO_TORCH_PROFILER=1; avoids CUPTI conflict with nsys)
2026-04-12 00:49:17,109   INFO  Nsight: run e.g. nsys profile -o trace python profile_suite.py ... --nsight (same args)
2026-04-12 00:49:17,115   INFO  ======================================================================
2026-04-12 00:49:17,116   INFO    PointPillars Profile Suite — 2026-04-12 00:49:17
2026-04-12 00:49:17,116   INFO  ======================================================================
2026-04-12 00:49:17,116   INFO    Config  : /opt/OpenPCDet/tools/cfgs/kitti_models/pointpillar.yaml
2026-04-12 00:49:17,117   INFO    Ckpt    : /opt/OpenPCDet/tools/ckpt/pointpillar_7728.pth
2026-04-12 00:49:17,117   INFO    Compile : True
2026-04-12 00:49:17,119   INFO    AMP (fp16): False
2026-04-12 00:49:17,126   INFO    Memory opt scatter (HWC write): False
2026-04-12 00:49:17,131   INFO    Memory opt conv2d (channels_last): False
2026-04-12 00:49:17,131   INFO    Preprocess GPU (voxelize on GPU): False
2026-04-12 00:49:17,131   INFO    Compile voxelizer: False
2026-04-12 00:49:17,132   INFO    INT8    : False  (CPU dynamic Linear PTQ if true)
2026-04-12 00:49:17,132   INFO    Traced  : none
2026-04-12 00:49:17,132   INFO    Nsight NVTX: True
2026-04-12 00:49:17,133   INFO    Warmup  : 500 steps   Measured: 200 steps   Batch: 1   Meas. burn-in: 100
2026-04-12 00:49:17,133   INFO  
2026-04-12 00:49:17,133   INFO  ── Per-stage latency (mean / p50 / p95 / p99 / std) [ms] ─────────────
2026-04-12 00:49:17,136   INFO  Stage                   mean         p50         p95         p99         std
2026-04-12 00:49:17,137   INFO  ----------------------------------------------------------------------------
2026-04-12 00:49:17,137   INFO  read_points (excl.T_rt)       10.49        9.60       13.60       30.79        4.10
2026-04-12 00:49:17,137   INFO  pre_processing         22.82       22.78       29.97       33.74        4.91
2026-04-12 00:49:17,137   INFO  data_to_gpu             1.28        1.25        1.54        1.67        0.25
2026-04-12 00:49:17,138   INFO  Forward (GPU)          37.38       36.86       41.61       47.98        2.60
2026-04-12 00:49:17,138   INFO  PostProcess             0.70        0.67        0.80        0.98        0.13
2026-04-12 00:49:17,138   INFO  ── Onboard frame ──       39.59       39.06       44.09       50.12        2.71
2026-04-12 00:49:17,138   INFO  ── T_rt (onboard) ──       62.17       61.96       72.83       79.46        6.51
2026-04-12 00:49:17,139   INFO  
2026-04-12 00:49:17,139   INFO  ── Throughput & Memory ─────────────────────────────────────────
2026-04-12 00:49:17,139   INFO    Throughput         : 16.1 samples/s  (batch=1, mean T_rt=62.17 ms)
2026-04-12 00:49:17,139   INFO    Peak GPU Memory    : 6035.4 MB  (NMS/recall on GPU; backbone mostly CPU when INT8)
2026-04-12 00:49:17,140   INFO    Peak GPU Mem (steady): 6035.4 MB  (steps with forward <= 200.0 ms)
2026-04-12 00:49:17,140   INFO    Mean peak per step : 5350.8 MB
2026-04-12 00:49:17,141   INFO    CUDA kernel events : 0
2026-04-12 00:49:17,141   INFO    T_rt mean (onboard, excl. read_points): 62.17 ms
2026-04-12 00:49:17,141   INFO  
2026-04-12 00:49:17,141   INFO  ── Outputs ──────────────────────────────────────────────────────
2026-04-12 00:49:17,142   INFO    Chrome trace       : /__modal/volumes/vo-IonADsHkUVjfGkodF5a2qa/modal_v2_t4/M1_FP32/profile/torch_profile_trace.json
2026-04-12 00:49:17,142   INFO    Summary            : /__modal/volumes/vo-IonADsHkUVjfGkodF5a2qa/modal_v2_t4/M1_FP32/profile/profile_summary.txt
2026-04-12 00:49:17,142   INFO  ======================================================================
2026-04-12 00:49:17,144   INFO  Forward module stage timing saved → /__modal/volumes/vo-IonADsHkUVjfGkodF5a2qa/modal_v2_t4/M1_FP32/profile/forward_module_stage_ms.json
FATAL ERROR: /dvs/p4/build/sw/devtools/Agora/Rel/QuadD_CTK/QuadD/Common/GpuTraits/Src/GpuTicksConverter.cpp(376): Throw in function QuadDCommon::TimestampType GpuTraits::GpuTicksConverter::ConvertToCpuTime(const QuadDCommon::Uuid&, uint64_t&) const
Dynamic exception type: boost::wrapexcept<QuadDCommon::NotFoundException>
std::exception::what: NotFoundException
[QuadDCommon::tag_message*] = No GPU associated to the given UUID

Generating '/tmp/nsys-report-d674.qdstrm'
