2026-04-12 01:55:04,671   INFO  Profile suite — output dir: /__modal/volumes/vo-IonADsHkUVjfGkodF5a2qa/modal_v2_t4/M3_FP32/profile
2026-04-12 01:55:04,672   INFO  Loading KITTI dataset
2026-04-12 01:55:04,943   INFO  Total samples for KITTI dataset: 7481
2026-04-12 01:55:04,944   INFO  Using GPU voxelization profiling path (inference.py-aligned); see --preprocess_gpu
/usr/local/lib/python3.11/site-packages/torch/functional.py:504: UserWarning: torch.meshgrid: in an upcoming release, it will be required to pass the indexing argument. (Triggered internally at ../aten/src/ATen/native/TensorShape.cpp:3526.)
  return _VF.meshgrid(tensors, **kwargs)  # type: ignore[attr-defined]
2026-04-12 01:55:05,936   INFO  ==> Loading parameters from checkpoint /opt/OpenPCDet/tools/ckpt/pointpillar_7728.pth to GPU
2026-04-12 01:55:05,967   INFO  ==> Done (loaded 127/127)
2026-04-12 01:55:06,012   INFO  Running 500 warmup steps...
/opt/OpenPCDet/tools/../pcdet/ops/iou3d_nms/iou3d_nms_utils.py:66: UserWarning: The torch.cuda.*DtypeTensor constructors are no longer recommended. It's best to use methods such as torch.tensor(data, dtype=*, device='cuda') to create tensors. (Triggered internally at ../torch/csrc/tensor/python_tensor.cpp:83.)
  overlaps_bev = torch.cuda.FloatTensor(torch.Size((boxes_a.shape[0], boxes_b.shape[0]))).zero_()  # (N, M)
2026-04-12 01:55:31,873   INFO  Measurement burn-in: 100 steps (before profiler loop)
2026-04-12 01:55:36,740   INFO  Profiling 200 steps...
2026-04-12 01:55:47,162   INFO  Chrome trace skipped (MLS_PROFILE_NO_TORCH_PROFILER=1; avoids CUPTI conflict with nsys)
2026-04-12 01:55:47,167   INFO  Nsight: run e.g. nsys profile -o trace python profile_suite.py ... --nsight (same args)
2026-04-12 01:55:47,172   INFO  ======================================================================
2026-04-12 01:55:47,173   INFO    PointPillars Profile Suite — 2026-04-12 01:55:47
2026-04-12 01:55:47,173   INFO  ======================================================================
2026-04-12 01:55:47,173   INFO    Config  : /opt/OpenPCDet/tools/cfgs/kitti_models/pointpillar.yaml
2026-04-12 01:55:47,174   INFO    Ckpt    : /opt/OpenPCDet/tools/ckpt/pointpillar_7728.pth
2026-04-12 01:55:47,174   INFO    Compile : False
2026-04-12 01:55:47,174   INFO    AMP (fp16): False
2026-04-12 01:55:47,174   INFO    Memory opt scatter (HWC write): False
2026-04-12 01:55:47,175   INFO    Memory opt conv2d (channels_last): False
2026-04-12 01:55:47,175   INFO    Preprocess GPU (voxelize on GPU): True
2026-04-12 01:55:47,175   INFO    Compile voxelizer: False
2026-04-12 01:55:47,175   INFO    INT8    : False  (CPU dynamic Linear PTQ if true)
2026-04-12 01:55:47,176   INFO    Traced  : none
2026-04-12 01:55:47,176   INFO    Nsight NVTX: True
2026-04-12 01:55:47,176   INFO    Warmup  : 500 steps   Measured: 200 steps   Batch: 1   Meas. burn-in: 100
2026-04-12 01:55:47,176   INFO  
2026-04-12 01:55:47,177   INFO  ── Per-stage latency (mean / p50 / p95 / p99 / std) [ms] ─────────────
2026-04-12 01:55:47,177   INFO  Stage                   mean         p50         p95         p99         std
2026-04-12 01:55:47,177   INFO  ----------------------------------------------------------------------------
2026-04-12 01:55:47,177   INFO  read_points (excl.T_rt)       11.78       10.22       18.54       28.36        5.13
2026-04-12 01:55:47,178   INFO  cpu_prepare             0.86        0.83        1.03        1.64        0.18
2026-04-12 01:55:47,178   INFO  data_to_gpu             0.34        0.34        0.41        0.49        0.05
2026-04-12 01:55:47,178   INFO  pre_processing          3.30        3.13        4.05        5.51        0.50
2026-04-12 01:55:47,178   INFO  h2d (load rest)         0.19        0.18        0.23        0.35        0.04
2026-04-12 01:55:47,178   INFO  Forward (GPU)          34.45       33.94       38.24       42.51        2.05
2026-04-12 01:55:47,179   INFO  PostProcess             0.73        0.70        0.89        0.98        0.13
2026-04-12 01:55:47,179   INFO  ── Onboard frame ──       35.56       35.03       39.45       43.61        2.12
2026-04-12 01:55:47,179   INFO  ── T_rt (onboard) ──       39.88       39.10       44.95       48.27        2.49
2026-04-12 01:55:47,179   INFO  
2026-04-12 01:55:47,180   INFO  ── Throughput & Memory ─────────────────────────────────────────
2026-04-12 01:55:47,180   INFO    Throughput         : 25.1 samples/s  (batch=1, mean T_rt=39.88 ms)
2026-04-12 01:55:47,180   INFO    Peak GPU Memory    : 332.0 MB  (NMS/recall on GPU; backbone mostly CPU when INT8)
2026-04-12 01:55:47,180   INFO    Peak GPU Mem (steady): 332.0 MB  (no forward spike filter)
2026-04-12 01:55:47,181   INFO    Mean peak per step : 331.4 MB
2026-04-12 01:55:47,181   INFO    CUDA kernel events : 0
2026-04-12 01:55:47,181   INFO    T_rt mean (onboard, excl. read_points): 39.88 ms
2026-04-12 01:55:47,181   INFO  
2026-04-12 01:55:47,182   INFO  ── Outputs ──────────────────────────────────────────────────────
2026-04-12 01:55:47,182   INFO    Chrome trace       : /__modal/volumes/vo-IonADsHkUVjfGkodF5a2qa/modal_v2_t4/M3_FP32/profile/torch_profile_trace.json
2026-04-12 01:55:47,182   INFO    Summary            : /__modal/volumes/vo-IonADsHkUVjfGkodF5a2qa/modal_v2_t4/M3_FP32/profile/profile_summary.txt
2026-04-12 01:55:47,182   INFO  ======================================================================
2026-04-12 01:55:47,184   INFO  Forward module stage timing saved → /__modal/volumes/vo-IonADsHkUVjfGkodF5a2qa/modal_v2_t4/M3_FP32/profile/forward_module_stage_ms.json
FATAL ERROR: /dvs/p4/build/sw/devtools/Agora/Rel/QuadD_CTK/QuadD/Common/GpuTraits/Src/GpuTicksConverter.cpp(376): Throw in function QuadDCommon::TimestampType GpuTraits::GpuTicksConverter::ConvertToCpuTime(const QuadDCommon::Uuid&, uint64_t&) const
Dynamic exception type: boost::wrapexcept<QuadDCommon::NotFoundException>
std::exception::what: NotFoundException
[QuadDCommon::tag_message*] = No GPU associated to the given UUID

Generating '/tmp/nsys-report-a04a.qdstrm'
