2026-04-12 01:26:00,883   INFO  Profile suite — output dir: /__modal/volumes/vo-IonADsHkUVjfGkodF5a2qa/modal_v2_t4/M2_FP32_mem_both/profile
2026-04-12 01:26:00,884   INFO  Loading KITTI dataset
2026-04-12 01:26:01,168   INFO  Total samples for KITTI dataset: 7481
/usr/local/lib/python3.11/site-packages/torch/functional.py:504: UserWarning: torch.meshgrid: in an upcoming release, it will be required to pass the indexing argument. (Triggered internally at ../aten/src/ATen/native/TensorShape.cpp:3526.)
  return _VF.meshgrid(tensors, **kwargs)  # type: ignore[attr-defined]
2026-04-12 01:26:02,218   INFO  ==> Loading parameters from checkpoint /opt/OpenPCDet/tools/ckpt/pointpillar_7728.pth to GPU
2026-04-12 01:26:02,248   INFO  ==> Done (loaded 127/127)
2026-04-12 01:26:02,261   INFO  memory_opt_conv2d: model.to(memory_format=torch.channels_last)
2026-04-12 01:26:02,263   INFO  Running 500 warmup steps...
/opt/OpenPCDet/tools/../pcdet/ops/iou3d_nms/iou3d_nms_utils.py:66: UserWarning: The torch.cuda.*DtypeTensor constructors are no longer recommended. It's best to use methods such as torch.tensor(data, dtype=*, device='cuda') to create tensors. (Triggered internally at ../torch/csrc/tensor/python_tensor.cpp:83.)
  overlaps_bev = torch.cuda.FloatTensor(torch.Size((boxes_a.shape[0], boxes_b.shape[0]))).zero_()  # (N, M)
2026-04-12 01:26:40,892   INFO  Measurement burn-in: 100 steps (before profiler loop)
2026-04-12 01:26:48,314   INFO  Profiling 200 steps (KITTI RT CPU stages)...
2026-04-12 01:27:03,496   INFO  Chrome trace skipped (MLS_PROFILE_NO_TORCH_PROFILER=1; avoids CUPTI conflict with nsys)
2026-04-12 01:27:03,500   INFO  Nsight: run e.g. nsys profile -o trace python profile_suite.py ... --nsight (same args)
2026-04-12 01:27:03,504   INFO  ======================================================================
2026-04-12 01:27:03,505   INFO    PointPillars Profile Suite — 2026-04-12 01:27:03
2026-04-12 01:27:03,505   INFO  ======================================================================
2026-04-12 01:27:03,505   INFO    Config  : /opt/OpenPCDet/tools/cfgs/kitti_models/pointpillar.yaml
2026-04-12 01:27:03,505   INFO    Ckpt    : /opt/OpenPCDet/tools/ckpt/pointpillar_7728.pth
2026-04-12 01:27:03,506   INFO    Compile : False
2026-04-12 01:27:03,506   INFO    AMP (fp16): False
2026-04-12 01:27:03,506   INFO    Memory opt scatter (HWC write): True
2026-04-12 01:27:03,506   INFO    Memory opt conv2d (channels_last): True
2026-04-12 01:27:03,507   INFO    Preprocess GPU (voxelize on GPU): False
2026-04-12 01:27:03,507   INFO    Compile voxelizer: False
2026-04-12 01:27:03,507   INFO    INT8    : False  (CPU dynamic Linear PTQ if true)
2026-04-12 01:27:03,507   INFO    Traced  : none
2026-04-12 01:27:03,508   INFO    Nsight NVTX: True
2026-04-12 01:27:03,508   INFO    Warmup  : 500 steps   Measured: 200 steps   Batch: 1   Meas. burn-in: 100
2026-04-12 01:27:03,508   INFO  
2026-04-12 01:27:03,508   INFO  ── Per-stage latency (mean / p50 / p95 / p99 / std) [ms] ─────────────
2026-04-12 01:27:03,509   INFO  Stage                   mean         p50         p95         p99         std
2026-04-12 01:27:03,509   INFO  ----------------------------------------------------------------------------
2026-04-12 01:27:03,509   INFO  read_points (excl.T_rt)        9.32        9.10       10.44       13.20        1.72
2026-04-12 01:27:03,509   INFO  pre_processing         21.14       21.14       28.45       30.38        4.56
2026-04-12 01:27:03,509   INFO  data_to_gpu             1.24        1.22        1.46        1.63        0.18
2026-04-12 01:27:03,510   INFO  Forward (GPU)          43.10       42.96       45.11       46.74        0.97
2026-04-12 01:27:03,510   INFO  PostProcess             0.68        0.66        0.78        0.87        0.05
2026-04-12 01:27:03,510   INFO  ── Onboard frame ──       45.22       45.13       47.41       49.24        1.11
2026-04-12 01:27:03,510   INFO  ── T_rt (onboard) ──       66.15       65.98       74.84       79.30        5.41
2026-04-12 01:27:03,510   INFO  
2026-04-12 01:27:03,511   INFO  ── Throughput & Memory ─────────────────────────────────────────
2026-04-12 01:27:03,511   INFO    Throughput         : 15.1 samples/s  (batch=1, mean T_rt=66.15 ms)
2026-04-12 01:27:03,511   INFO    Peak GPU Memory    : 332.1 MB  (NMS/recall on GPU; backbone mostly CPU when INT8)
2026-04-12 01:27:03,511   INFO    Peak GPU Mem (steady): 332.1 MB  (no forward spike filter)
2026-04-12 01:27:03,511   INFO    Mean peak per step : 332.0 MB
2026-04-12 01:27:03,512   INFO    CUDA kernel events : 0
2026-04-12 01:27:03,512   INFO    T_rt mean (onboard, excl. read_points): 66.15 ms
2026-04-12 01:27:03,512   INFO  
2026-04-12 01:27:03,512   INFO  ── Outputs ──────────────────────────────────────────────────────
2026-04-12 01:27:03,513   INFO    Chrome trace       : /__modal/volumes/vo-IonADsHkUVjfGkodF5a2qa/modal_v2_t4/M2_FP32_mem_both/profile/torch_profile_trace.json
2026-04-12 01:27:03,513   INFO    Summary            : /__modal/volumes/vo-IonADsHkUVjfGkodF5a2qa/modal_v2_t4/M2_FP32_mem_both/profile/profile_summary.txt
2026-04-12 01:27:03,513   INFO  ======================================================================
2026-04-12 01:27:03,514   INFO  Forward module stage timing saved → /__modal/volumes/vo-IonADsHkUVjfGkodF5a2qa/modal_v2_t4/M2_FP32_mem_both/profile/forward_module_stage_ms.json
FATAL ERROR: /dvs/p4/build/sw/devtools/Agora/Rel/QuadD_CTK/QuadD/Common/GpuTraits/Src/GpuTicksConverter.cpp(376): Throw in function QuadDCommon::TimestampType GpuTraits::GpuTicksConverter::ConvertToCpuTime(const QuadDCommon::Uuid&, uint64_t&) const
Dynamic exception type: boost::wrapexcept<QuadDCommon::NotFoundException>
std::exception::what: NotFoundException
[QuadDCommon::tag_message*] = No GPU associated to the given UUID

Generating '/tmp/nsys-report-a56b.qdstrm'
