2026-04-12 01:42:05,122   INFO  Profile suite — output dir: /__modal/volumes/vo-IonADsHkUVjfGkodF5a2qa/modal_v2_t4/M2_AMP_mem_conv2d/profile
2026-04-12 01:42:05,123   INFO  Loading KITTI dataset
2026-04-12 01:42:05,393   INFO  Total samples for KITTI dataset: 7481
/usr/local/lib/python3.11/site-packages/torch/functional.py:504: UserWarning: torch.meshgrid: in an upcoming release, it will be required to pass the indexing argument. (Triggered internally at ../aten/src/ATen/native/TensorShape.cpp:3526.)
  return _VF.meshgrid(tensors, **kwargs)  # type: ignore[attr-defined]
2026-04-12 01:42:06,351   INFO  ==> Loading parameters from checkpoint /opt/OpenPCDet/tools/ckpt/pointpillar_7728.pth to GPU
2026-04-12 01:42:06,382   INFO  ==> Done (loaded 127/127)
2026-04-12 01:42:06,395   INFO  memory_opt_conv2d: model.to(memory_format=torch.channels_last)
2026-04-12 01:42:06,398   INFO  Running 500 warmup steps...
/opt/OpenPCDet/tools/../pcdet/ops/iou3d_nms/iou3d_nms_utils.py:66: UserWarning: The torch.cuda.*DtypeTensor constructors are no longer recommended. It's best to use methods such as torch.tensor(data, dtype=*, device='cuda') to create tensors. (Triggered internally at ../torch/csrc/tensor/python_tensor.cpp:83.)
  overlaps_bev = torch.cuda.FloatTensor(torch.Size((boxes_a.shape[0], boxes_b.shape[0]))).zero_()  # (N, M)
2026-04-12 01:42:41,650   INFO  Measurement burn-in: 100 steps (before profiler loop)
2026-04-12 01:42:48,261   INFO  Profiling 200 steps (KITTI RT CPU stages)...
2026-04-12 01:43:01,958   INFO  Chrome trace skipped (MLS_PROFILE_NO_TORCH_PROFILER=1; avoids CUPTI conflict with nsys)
2026-04-12 01:43:01,962   INFO  Nsight: run e.g. nsys profile -o trace python profile_suite.py ... --nsight (same args)
2026-04-12 01:43:01,966   INFO  ======================================================================
2026-04-12 01:43:01,966   INFO    PointPillars Profile Suite — 2026-04-12 01:43:01
2026-04-12 01:43:01,967   INFO  ======================================================================
2026-04-12 01:43:01,967   INFO    Config  : /opt/OpenPCDet/tools/cfgs/kitti_models/pointpillar.yaml
2026-04-12 01:43:01,967   INFO    Ckpt    : /opt/OpenPCDet/tools/ckpt/pointpillar_7728.pth
2026-04-12 01:43:01,968   INFO    Compile : False
2026-04-12 01:43:01,968   INFO    AMP (fp16): True
2026-04-12 01:43:01,968   INFO    Memory opt scatter (HWC write): False
2026-04-12 01:43:01,968   INFO    Memory opt conv2d (channels_last): True
2026-04-12 01:43:01,969   INFO    Preprocess GPU (voxelize on GPU): False
2026-04-12 01:43:01,969   INFO    Compile voxelizer: False
2026-04-12 01:43:01,969   INFO    INT8    : False  (CPU dynamic Linear PTQ if true)
2026-04-12 01:43:01,969   INFO    Traced  : none
2026-04-12 01:43:01,970   INFO    Nsight NVTX: True
2026-04-12 01:43:01,970   INFO    Warmup  : 500 steps   Measured: 200 steps   Batch: 1   Meas. burn-in: 100
2026-04-12 01:43:01,970   INFO  
2026-04-12 01:43:01,970   INFO  ── Per-stage latency (mean / p50 / p95 / p99 / std) [ms] ─────────────
2026-04-12 01:43:01,971   INFO  Stage                   mean         p50         p95         p99         std
2026-04-12 01:43:01,971   INFO  ----------------------------------------------------------------------------
2026-04-12 01:43:01,971   INFO  read_points (excl.T_rt)        9.74        9.32       12.77       18.46        1.92
2026-04-12 01:43:01,971   INFO  pre_processing         21.57       21.44       28.19       30.47        4.50
2026-04-12 01:43:01,972   INFO  data_to_gpu             1.25        1.22        1.52        1.65        0.19
2026-04-12 01:43:01,972   INFO  Forward (GPU)          34.76       34.57       36.71       40.47        1.36
2026-04-12 01:43:01,972   INFO  PostProcess             0.71        0.68        0.81        0.92        0.21
2026-04-12 01:43:01,972   INFO  ── Onboard frame ──       36.94       36.80       39.18       42.96        1.50
2026-04-12 01:43:01,973   INFO  ── T_rt (onboard) ──       58.29       58.23       66.40       71.21        5.52
2026-04-12 01:43:01,973   INFO  
2026-04-12 01:43:01,973   INFO  ── Throughput & Memory ─────────────────────────────────────────
2026-04-12 01:43:01,974   INFO    Throughput         : 17.2 samples/s  (batch=1, mean T_rt=58.29 ms)
2026-04-12 01:43:01,974   INFO    Peak GPU Memory    : 183.4 MB  (NMS/recall on GPU; backbone mostly CPU when INT8)
2026-04-12 01:43:01,975   INFO    Peak GPU Mem (steady): 183.4 MB  (no forward spike filter)
2026-04-12 01:43:01,975   INFO    Mean peak per step : 183.4 MB
2026-04-12 01:43:01,975   INFO    CUDA kernel events : 0
2026-04-12 01:43:01,975   INFO    T_rt mean (onboard, excl. read_points): 58.29 ms
2026-04-12 01:43:01,976   INFO  
2026-04-12 01:43:01,976   INFO  ── Outputs ──────────────────────────────────────────────────────
2026-04-12 01:43:01,976   INFO    Chrome trace       : /__modal/volumes/vo-IonADsHkUVjfGkodF5a2qa/modal_v2_t4/M2_AMP_mem_conv2d/profile/torch_profile_trace.json
2026-04-12 01:43:01,976   INFO    Summary            : /__modal/volumes/vo-IonADsHkUVjfGkodF5a2qa/modal_v2_t4/M2_AMP_mem_conv2d/profile/profile_summary.txt
2026-04-12 01:43:01,977   INFO  ======================================================================
2026-04-12 01:43:01,978   INFO  Forward module stage timing saved → /__modal/volumes/vo-IonADsHkUVjfGkodF5a2qa/modal_v2_t4/M2_AMP_mem_conv2d/profile/forward_module_stage_ms.json
FATAL ERROR: /dvs/p4/build/sw/devtools/Agora/Rel/QuadD_CTK/QuadD/Common/GpuTraits/Src/GpuTicksConverter.cpp(376): Throw in function QuadDCommon::TimestampType GpuTraits::GpuTicksConverter::ConvertToCpuTime(const QuadDCommon::Uuid&, uint64_t&) const
Dynamic exception type: boost::wrapexcept<QuadDCommon::NotFoundException>
std::exception::what: NotFoundException
[QuadDCommon::tag_message*] = No GPU associated to the given UUID

Generating '/tmp/nsys-report-9a98.qdstrm'
