2026-04-12 00:29:17,794   INFO  Profile suite — output dir: /__modal/volumes/vo-IonADsHkUVjfGkodF5a2qa/modal_v2_t4/M0_FP32/profile
2026-04-12 00:29:17,797   INFO  Loading KITTI dataset
2026-04-12 00:29:18,102   INFO  Total samples for KITTI dataset: 7481
/usr/local/lib/python3.11/site-packages/torch/functional.py:504: UserWarning: torch.meshgrid: in an upcoming release, it will be required to pass the indexing argument. (Triggered internally at ../aten/src/ATen/native/TensorShape.cpp:3526.)
  return _VF.meshgrid(tensors, **kwargs)  # type: ignore[attr-defined]
2026-04-12 00:29:19,211   INFO  ==> Loading parameters from checkpoint /opt/OpenPCDet/tools/ckpt/pointpillar_7728.pth to GPU
2026-04-12 00:29:19,253   INFO  ==> Done (loaded 127/127)
2026-04-12 00:29:19,309   INFO  Running 500 warmup steps...
/opt/OpenPCDet/tools/../pcdet/ops/iou3d_nms/iou3d_nms_utils.py:66: UserWarning: The torch.cuda.*DtypeTensor constructors are no longer recommended. It's best to use methods such as torch.tensor(data, dtype=*, device='cuda') to create tensors. (Triggered internally at ../torch/csrc/tensor/python_tensor.cpp:83.)
  overlaps_bev = torch.cuda.FloatTensor(torch.Size((boxes_a.shape[0], boxes_b.shape[0]))).zero_()  # (N, M)
2026-04-12 00:30:03,986   INFO  Measurement burn-in: 100 steps (before profiler loop)
2026-04-12 00:30:11,946   INFO  Profiling 200 steps (KITTI RT CPU stages)...
2026-04-12 00:30:27,658   INFO  Chrome trace skipped (MLS_PROFILE_NO_TORCH_PROFILER=1; avoids CUPTI conflict with nsys)
2026-04-12 00:30:27,664   INFO  Nsight: run e.g. nsys profile -o trace python profile_suite.py ... --nsight (same args)
2026-04-12 00:30:27,669   INFO  ======================================================================
2026-04-12 00:30:27,670   INFO    PointPillars Profile Suite — 2026-04-12 00:30:27
2026-04-12 00:30:27,670   INFO  ======================================================================
2026-04-12 00:30:27,670   INFO    Config  : /opt/OpenPCDet/tools/cfgs/kitti_models/pointpillar.yaml
2026-04-12 00:30:27,671   INFO    Ckpt    : /opt/OpenPCDet/tools/ckpt/pointpillar_7728.pth
2026-04-12 00:30:27,671   INFO    Compile : False
2026-04-12 00:30:27,671   INFO    AMP (fp16): False
2026-04-12 00:30:27,671   INFO    Memory opt scatter (HWC write): False
2026-04-12 00:30:27,672   INFO    Memory opt conv2d (channels_last): False
2026-04-12 00:30:27,672   INFO    Preprocess GPU (voxelize on GPU): False
2026-04-12 00:30:27,673   INFO    Compile voxelizer: False
2026-04-12 00:30:27,673   INFO    INT8    : False  (CPU dynamic Linear PTQ if true)
2026-04-12 00:30:27,673   INFO    Traced  : none
2026-04-12 00:30:27,674   INFO    Nsight NVTX: True
2026-04-12 00:30:27,674   INFO    Warmup  : 500 steps   Measured: 200 steps   Batch: 1   Meas. burn-in: 100
2026-04-12 00:30:27,675   INFO  
2026-04-12 00:30:27,675   INFO  ── Per-stage latency (mean / p50 / p95 / p99 / std) [ms] ─────────────
2026-04-12 00:30:27,675   INFO  Stage                   mean         p50         p95         p99         std
2026-04-12 00:30:27,675   INFO  ----------------------------------------------------------------------------
2026-04-12 00:30:27,676   INFO  read_points (excl.T_rt)       12.85       11.22       21.30       34.33        4.40
2026-04-12 00:30:27,676   INFO  pre_processing         22.98       22.59       30.75       35.61        5.52
2026-04-12 00:30:27,676   INFO  data_to_gpu             1.36        1.28        1.66        3.39        0.65
2026-04-12 00:30:27,677   INFO  Forward (GPU)          40.06       38.40       49.24       58.50        4.32
2026-04-12 00:30:27,677   INFO  PostProcess             0.80        0.72        0.94        1.30        0.59
2026-04-12 00:30:27,677   INFO  ── Onboard frame ──       42.46       40.82       51.67       61.39        4.65
2026-04-12 00:30:27,678   INFO  ── T_rt (onboard) ──       65.20       64.32       79.70       88.13        8.26
2026-04-12 00:30:27,678   INFO  
2026-04-12 00:30:27,678   INFO  ── Throughput & Memory ─────────────────────────────────────────
2026-04-12 00:30:27,678   INFO    Throughput         : 15.3 samples/s  (batch=1, mean T_rt=65.20 ms)
2026-04-12 00:30:27,679   INFO    Peak GPU Memory    : 331.3 MB  (NMS/recall on GPU; backbone mostly CPU when INT8)
2026-04-12 00:30:27,679   INFO    Peak GPU Mem (steady): 331.3 MB  (no forward spike filter)
2026-04-12 00:30:27,679   INFO    Mean peak per step : 331.3 MB
2026-04-12 00:30:27,679   INFO    CUDA kernel events : 0
2026-04-12 00:30:27,679   INFO    T_rt mean (onboard, excl. read_points): 65.20 ms
2026-04-12 00:30:27,680   INFO  
2026-04-12 00:30:27,680   INFO  ── Outputs ──────────────────────────────────────────────────────
2026-04-12 00:30:27,680   INFO    Chrome trace       : /__modal/volumes/vo-IonADsHkUVjfGkodF5a2qa/modal_v2_t4/M0_FP32/profile/torch_profile_trace.json
2026-04-12 00:30:27,680   INFO    Summary            : /__modal/volumes/vo-IonADsHkUVjfGkodF5a2qa/modal_v2_t4/M0_FP32/profile/profile_summary.txt
2026-04-12 00:30:27,681   INFO  ======================================================================
2026-04-12 00:30:27,682   INFO  Forward module stage timing saved → /__modal/volumes/vo-IonADsHkUVjfGkodF5a2qa/modal_v2_t4/M0_FP32/profile/forward_module_stage_ms.json
FATAL ERROR: /dvs/p4/build/sw/devtools/Agora/Rel/QuadD_CTK/QuadD/Common/GpuTraits/Src/GpuTicksConverter.cpp(376): Throw in function QuadDCommon::TimestampType GpuTraits::GpuTicksConverter::ConvertToCpuTime(const QuadDCommon::Uuid&, uint64_t&) const
Dynamic exception type: boost::wrapexcept<QuadDCommon::NotFoundException>
std::exception::what: NotFoundException
[QuadDCommon::tag_message*] = No GPU associated to the given UUID

Generating '/tmp/nsys-report-5bd3.qdstrm'
